{"C:\\Users\\nutta\\Documents\\GitHub\\4kon\\middleware\\auth.js": {"path":"C:\\Users\\nutta\\Documents\\GitHub\\4kon\\middleware\\auth.js","statementMap":{"0":{"start":{"line":2,"column":2},"end":{"line":4,"column":3}},"1":{"start":{"line":3,"column":4},"end":{"line":3,"column":82}},"2":{"start":{"line":5,"column":2},"end":{"line":5,"column":9}},"3":{"start":{"line":9,"column":2},"end":{"line":11,"column":3}},"4":{"start":{"line":10,"column":4},"end":{"line":10,"column":85}},"5":{"start":{"line":12,"column":2},"end":{"line":12,"column":9}},"6":{"start":{"line":15,"column":0},"end":{"line":15,"column":48}}},"fnMap":{"0":{"name":"requireLogin","decl":{"start":{"line":1,"column":9},"end":{"line":1,"column":21}},"loc":{"start":{"line":1,"column":38},"end":{"line":6,"column":1}},"line":1},"1":{"name":"requireAdmin","decl":{"start":{"line":8,"column":9},"end":{"line":8,"column":21}},"loc":{"start":{"line":8,"column":38},"end":{"line":13,"column":1}},"line":8}},"branchMap":{"0":{"loc":{"start":{"line":2,"column":2},"end":{"line":4,"column":3}},"type":"if","locations":[{"start":{"line":2,"column":2},"end":{"line":4,"column":3}},{"start":{},"end":{}}],"line":2},"1":{"loc":{"start":{"line":9,"column":2},"end":{"line":11,"column":3}},"type":"if","locations":[{"start":{"line":9,"column":2},"end":{"line":11,"column":3}},{"start":{},"end":{}}],"line":9},"2":{"loc":{"start":{"line":9,"column":6},"end":{"line":9,"column":60}},"type":"binary-expr","locations":[{"start":{"line":9,"column":6},"end":{"line":9,"column":23}},{"start":{"line":9,"column":27},"end":{"line":9,"column":60}}],"line":9}},"s":{"0":13,"1":2,"2":11,"3":3,"4":2,"5":1,"6":4},"f":{"0":13,"1":3},"b":{"0":[2,11],"1":[2,1],"2":[3,2]},"_coverageSchema":"1a1c01bbd47fc00a2c39e90264f33305004495a9","hash":"03c994571ce3e7558944820498558ce14285cabf"}
,"C:\\Users\\nutta\\Documents\\GitHub\\4kon\\routes\\admin.js": {"path":"C:\\Users\\nutta\\Documents\\GitHub\\4kon\\routes\\admin.js","statementMap":{"0":{"start":{"line":1,"column":16},"end":{"line":1,"column":34}},"1":{"start":{"line":2,"column":15},"end":{"line":2,"column":31}},"2":{"start":{"line":3,"column":25},"end":{"line":3,"column":54}},"3":{"start":{"line":4,"column":11},"end":{"line":4,"column":33}},"4":{"start":{"line":7,"column":0},"end":{"line":32,"column":3}},"5":{"start":{"line":8,"column":19},"end":{"line":8,"column":44}},"6":{"start":{"line":9,"column":16},"end":{"line":9,"column":38}},"7":{"start":{"line":10,"column":21},"end":{"line":10,"column":48}},"8":{"start":{"line":11,"column":15},"end":{"line":11,"column":36}},"9":{"start":{"line":13,"column":21},"end":{"line":13,"column":79}},"10":{"start":{"line":13,"column":49},"end":{"line":13,"column":75}},"11":{"start":{"line":14,"column":22},"end":{"line":14,"column":74}},"12":{"start":{"line":14,"column":43},"end":{"line":14,"column":66}},"13":{"start":{"line":15,"column":22},"end":{"line":15,"column":74}},"14":{"start":{"line":15,"column":43},"end":{"line":15,"column":66}},"15":{"start":{"line":16,"column":21},"end":{"line":16,"column":59}},"16":{"start":{"line":16,"column":42},"end":{"line":16,"column":51}},"17":{"start":{"line":18,"column":2},"end":{"line":31,"column":5}},"18":{"start":{"line":36,"column":0},"end":{"line":47,"column":3}},"19":{"start":{"line":37,"column":17},"end":{"line":37,"column":30}},"20":{"start":{"line":40,"column":2},"end":{"line":42,"column":3}},"21":{"start":{"line":41,"column":4},"end":{"line":41,"column":34}},"22":{"start":{"line":44,"column":2},"end":{"line":44,"column":35}},"23":{"start":{"line":46,"column":2},"end":{"line":46,"column":25}},"24":{"start":{"line":49,"column":0},"end":{"line":49,"column":24}}},"fnMap":{"0":{"name":"(anonymous_0)","decl":{"start":{"line":7,"column":30},"end":{"line":7,"column":31}},"loc":{"start":{"line":7,"column":50},"end":{"line":32,"column":1}},"line":7},"1":{"name":"(anonymous_1)","decl":{"start":{"line":13,"column":37},"end":{"line":13,"column":38}},"loc":{"start":{"line":13,"column":49},"end":{"line":13,"column":75}},"line":13},"2":{"name":"(anonymous_2)","decl":{"start":{"line":14,"column":38},"end":{"line":14,"column":39}},"loc":{"start":{"line":14,"column":43},"end":{"line":14,"column":66}},"line":14},"3":{"name":"(anonymous_3)","decl":{"start":{"line":15,"column":38},"end":{"line":15,"column":39}},"loc":{"start":{"line":15,"column":43},"end":{"line":15,"column":66}},"line":15},"4":{"name":"(anonymous_4)","decl":{"start":{"line":16,"column":37},"end":{"line":16,"column":38}},"loc":{"start":{"line":16,"column":42},"end":{"line":16,"column":51}},"line":16},"5":{"name":"(anonymous_5)","decl":{"start":{"line":36,"column":47},"end":{"line":36,"column":48}},"loc":{"start":{"line":36,"column":67},"end":{"line":47,"column":1}},"line":36}},"branchMap":{"0":{"loc":{"start":{"line":13,"column":62},"end":{"line":13,"column":74}},"type":"binary-expr","locations":[{"start":{"line":13,"column":62},"end":{"line":13,"column":69}},{"start":{"line":13,"column":73},"end":{"line":13,"column":74}}],"line":13},"1":{"loc":{"start":{"line":40,"column":2},"end":{"line":42,"column":3}},"type":"if","locations":[{"start":{"line":40,"column":2},"end":{"line":42,"column":3}},{"start":{},"end":{}}],"line":40}},"s":{"0":3,"1":3,"2":3,"3":3,"4":3,"5":1,"6":1,"7":1,"8":1,"9":1,"10":3,"11":1,"12":3,"13":1,"14":3,"15":1,"16":3,"17":1,"18":3,"19":2,"20":2,"21":1,"22":1,"23":1,"24":3},"f":{"0":1,"1":3,"2":3,"3":3,"4":3,"5":2},"b":{"0":[3,0],"1":[1,1]},"_coverageSchema":"1a1c01bbd47fc00a2c39e90264f33305004495a9","hash":"ebb84b1a3b693c037ced7e5e7bc1f7949ed4fb42"}
,"C:\\Users\\nutta\\Documents\\GitHub\\4kon\\routes\\auth.js": {"path":"C:\\Users\\nutta\\Documents\\GitHub\\4kon\\routes\\auth.js","statementMap":{"0":{"start":{"line":1,"column":16},"end":{"line":1,"column":34}},"1":{"start":{"line":2,"column":15},"end":{"line":2,"column":31}},"2":{"start":{"line":3,"column":15},"end":{"line":3,"column":34}},"3":{"start":{"line":4,"column":23},"end":{"line":4,"column":38}},"4":{"start":{"line":5,"column":11},"end":{"line":5,"column":33}},"5":{"start":{"line":8,"column":0},"end":{"line":29,"column":3}},"6":{"start":{"line":9,"column":43},"end":{"line":9,"column":51}},"7":{"start":{"line":11,"column":16},"end":{"line":11,"column":38}},"8":{"start":{"line":12,"column":15},"end":{"line":12,"column":55}},"9":{"start":{"line":12,"column":31},"end":{"line":12,"column":54}},"10":{"start":{"line":14,"column":2},"end":{"line":19,"column":3}},"11":{"start":{"line":15,"column":4},"end":{"line":18,"column":7}},"12":{"start":{"line":21,"column":2},"end":{"line":26,"column":4}},"13":{"start":{"line":28,"column":2},"end":{"line":28,"column":40}},"14":{"start":{"line":32,"column":0},"end":{"line":73,"column":3}},"15":{"start":{"line":33,"column":40},"end":{"line":33,"column":48}},"16":{"start":{"line":35,"column":2},"end":{"line":37,"column":3}},"17":{"start":{"line":36,"column":4},"end":{"line":36,"column":70}},"18":{"start":{"line":39,"column":16},"end":{"line":39,"column":38}},"19":{"start":{"line":41,"column":2},"end":{"line":43,"column":3}},"20":{"start":{"line":41,"column":22},"end":{"line":41,"column":45}},"21":{"start":{"line":42,"column":4},"end":{"line":42,"column":74}},"22":{"start":{"line":45,"column":2},"end":{"line":47,"column":3}},"23":{"start":{"line":45,"column":22},"end":{"line":45,"column":39}},"24":{"start":{"line":46,"column":4},"end":{"line":46,"column":71}},"25":{"start":{"line":49,"column":18},"end":{"line":57,"column":3}},"26":{"start":{"line":59,"column":17},"end":{"line":59,"column":52}},"27":{"start":{"line":61,"column":2},"end":{"line":63,"column":3}},"28":{"start":{"line":62,"column":4},"end":{"line":62,"column":63}},"29":{"start":{"line":65,"column":2},"end":{"line":70,"column":4}},"30":{"start":{"line":72,"column":2},"end":{"line":72,"column":28}},"31":{"start":{"line":76,"column":0},"end":{"line":79,"column":3}},"32":{"start":{"line":77,"column":2},"end":{"line":77,"column":24}},"33":{"start":{"line":78,"column":2},"end":{"line":78,"column":20}},"34":{"start":{"line":81,"column":0},"end":{"line":81,"column":24}}},"fnMap":{"0":{"name":"(anonymous_0)","decl":{"start":{"line":8,"column":22},"end":{"line":8,"column":23}},"loc":{"start":{"line":8,"column":42},"end":{"line":29,"column":1}},"line":8},"1":{"name":"(anonymous_1)","decl":{"start":{"line":12,"column":26},"end":{"line":12,"column":27}},"loc":{"start":{"line":12,"column":31},"end":{"line":12,"column":54}},"line":12},"2":{"name":"(anonymous_2)","decl":{"start":{"line":32,"column":25},"end":{"line":32,"column":26}},"loc":{"start":{"line":32,"column":45},"end":{"line":73,"column":1}},"line":32},"3":{"name":"(anonymous_3)","decl":{"start":{"line":41,"column":17},"end":{"line":41,"column":18}},"loc":{"start":{"line":41,"column":22},"end":{"line":41,"column":45}},"line":41},"4":{"name":"(anonymous_4)","decl":{"start":{"line":45,"column":17},"end":{"line":45,"column":18}},"loc":{"start":{"line":45,"column":22},"end":{"line":45,"column":39}},"line":45},"5":{"name":"(anonymous_5)","decl":{"start":{"line":76,"column":22},"end":{"line":76,"column":23}},"loc":{"start":{"line":76,"column":36},"end":{"line":79,"column":1}},"line":76}},"branchMap":{"0":{"loc":{"start":{"line":14,"column":2},"end":{"line":19,"column":3}},"type":"if","locations":[{"start":{"line":14,"column":2},"end":{"line":19,"column":3}},{"start":{},"end":{}}],"line":14},"1":{"loc":{"start":{"line":14,"column":6},"end":{"line":14,"column":59}},"type":"binary-expr","locations":[{"start":{"line":14,"column":6},"end":{"line":14,"column":11}},{"start":{"line":14,"column":15},"end":{"line":14,"column":59}}],"line":14},"2":{"loc":{"start":{"line":17,"column":16},"end":{"line":17,"column":39}},"type":"binary-expr","locations":[{"start":{"line":17,"column":16},"end":{"line":17,"column":24}},{"start":{"line":17,"column":28},"end":{"line":17,"column":39}}],"line":17},"3":{"loc":{"start":{"line":25,"column":10},"end":{"line":25,"column":47}},"type":"cond-expr","locations":[{"start":{"line":25,"column":31},"end":{"line":25,"column":38}},{"start":{"line":25,"column":41},"end":{"line":25,"column":47}}],"line":25},"4":{"loc":{"start":{"line":28,"column":15},"end":{"line":28,"column":38}},"type":"binary-expr","locations":[{"start":{"line":28,"column":15},"end":{"line":28,"column":23}},{"start":{"line":28,"column":27},"end":{"line":28,"column":38}}],"line":28},"5":{"loc":{"start":{"line":35,"column":2},"end":{"line":37,"column":3}},"type":"if","locations":[{"start":{"line":35,"column":2},"end":{"line":37,"column":3}},{"start":{},"end":{}}],"line":35},"6":{"loc":{"start":{"line":35,"column":6},"end":{"line":35,"column":38}},"type":"binary-expr","locations":[{"start":{"line":35,"column":6},"end":{"line":35,"column":12}},{"start":{"line":35,"column":16},"end":{"line":35,"column":25}},{"start":{"line":35,"column":29},"end":{"line":35,"column":38}}],"line":35},"7":{"loc":{"start":{"line":41,"column":2},"end":{"line":43,"column":3}},"type":"if","locations":[{"start":{"line":41,"column":2},"end":{"line":43,"column":3}},{"start":{},"end":{}}],"line":41},"8":{"loc":{"start":{"line":45,"column":2},"end":{"line":47,"column":3}},"type":"if","locations":[{"start":{"line":45,"column":2},"end":{"line":47,"column":3}},{"start":{},"end":{}}],"line":45},"9":{"loc":{"start":{"line":61,"column":2},"end":{"line":63,"column":3}},"type":"if","locations":[{"start":{"line":61,"column":2},"end":{"line":63,"column":3}},{"start":{},"end":{}}],"line":61},"10":{"loc":{"start":{"line":61,"column":6},"end":{"line":61,"column":41}},"type":"binary-expr","locations":[{"start":{"line":61,"column":6},"end":{"line":61,"column":13}},{"start":{"line":61,"column":17},"end":{"line":61,"column":41}}],"line":61}},"s":{"0":3,"1":3,"2":3,"3":3,"4":3,"5":3,"6":2,"7":2,"8":2,"9":2,"10":2,"11":1,"12":1,"13":1,"14":3,"15":5,"16":5,"17":1,"18":4,"19":4,"20":2,"21":1,"22":3,"23":1,"24":1,"25":2,"26":2,"27":2,"28":1,"29":1,"30":1,"31":3,"32":1,"33":1,"34":3},"f":{"0":2,"1":2,"2":5,"3":2,"4":1,"5":1},"b":{"0":[1,1],"1":[2,2],"2":[1,0],"3":[1,0],"4":[1,0],"5":[1,4],"6":[5,4,4],"7":[1,3],"8":[1,2],"9":[1,1],"10":[2,2]},"_coverageSchema":"1a1c01bbd47fc00a2c39e90264f33305004495a9","hash":"1da18bc9367b554f008d564e81450e3de5b742f6"}
,"C:\\Users\\nutta\\Documents\\GitHub\\4kon\\routes\\categories.js": {"path":"C:\\Users\\nutta\\Documents\\GitHub\\4kon\\routes\\categories.js","statementMap":{"0":{"start":{"line":1,"column":16},"end":{"line":1,"column":34}},"1":{"start":{"line":2,"column":15},"end":{"line":2,"column":31}},"2":{"start":{"line":3,"column":23},"end":{"line":3,"column":38}},"3":{"start":{"line":4,"column":25},"end":{"line":4,"column":54}},"4":{"start":{"line":5,"column":11},"end":{"line":5,"column":33}},"5":{"start":{"line":8,"column":0},"end":{"line":26,"column":3}},"6":{"start":{"line":9,"column":19},"end":{"line":9,"column":27}},"7":{"start":{"line":11,"column":2},"end":{"line":11,"column":43}},"8":{"start":{"line":11,"column":13},"end":{"line":11,"column":43}},"9":{"start":{"line":13,"column":21},"end":{"line":13,"column":48}},"10":{"start":{"line":16,"column":17},"end":{"line":16,"column":61}},"11":{"start":{"line":16,"column":38},"end":{"line":16,"column":60}},"12":{"start":{"line":18,"column":2},"end":{"line":23,"column":3}},"13":{"start":{"line":19,"column":4},"end":{"line":22,"column":7}},"14":{"start":{"line":25,"column":2},"end":{"line":25,"column":25}},"15":{"start":{"line":30,"column":0},"end":{"line":36,"column":3}},"16":{"start":{"line":31,"column":21},"end":{"line":31,"column":34}},"17":{"start":{"line":33,"column":2},"end":{"line":33,"column":44}},"18":{"start":{"line":35,"column":2},"end":{"line":35,"column":25}},"19":{"start":{"line":38,"column":0},"end":{"line":38,"column":24}}},"fnMap":{"0":{"name":"(anonymous_0)","decl":{"start":{"line":8,"column":34},"end":{"line":8,"column":35}},"loc":{"start":{"line":8,"column":54},"end":{"line":26,"column":1}},"line":8},"1":{"name":"(anonymous_1)","decl":{"start":{"line":16,"column":33},"end":{"line":16,"column":34}},"loc":{"start":{"line":16,"column":38},"end":{"line":16,"column":60}},"line":16},"2":{"name":"(anonymous_2)","decl":{"start":{"line":30,"column":41},"end":{"line":30,"column":42}},"loc":{"start":{"line":30,"column":61},"end":{"line":36,"column":1}},"line":30}},"branchMap":{"0":{"loc":{"start":{"line":11,"column":2},"end":{"line":11,"column":43}},"type":"if","locations":[{"start":{"line":11,"column":2},"end":{"line":11,"column":43}},{"start":{},"end":{}}],"line":11},"1":{"loc":{"start":{"line":18,"column":2},"end":{"line":23,"column":3}},"type":"if","locations":[{"start":{"line":18,"column":2},"end":{"line":23,"column":3}},{"start":{},"end":{}}],"line":18}},"s":{"0":3,"1":3,"2":3,"3":3,"4":3,"5":3,"6":3,"7":3,"8":1,"9":2,"10":2,"11":3,"12":2,"13":1,"14":2,"15":3,"16":1,"17":1,"18":1,"19":3},"f":{"0":3,"1":3,"2":1},"b":{"0":[1,2],"1":[1,1]},"_coverageSchema":"1a1c01bbd47fc00a2c39e90264f33305004495a9","hash":"c92c3993e99a3bb9e109553b2462a2bcc54df5a8"}
,"C:\\Users\\nutta\\Documents\\GitHub\\4kon\\routes\\pages.js": {"path":"C:\\Users\\nutta\\Documents\\GitHub\\4kon\\routes\\pages.js","statementMap":{"0":{"start":{"line":1,"column":16},"end":{"line":1,"column":34}},"1":{"start":{"line":2,"column":15},"end":{"line":2,"column":31}},"2":{"start":{"line":3,"column":11},"end":{"line":3,"column":33}},"3":{"start":{"line":6,"column":0},"end":{"line":16,"column":3}},"4":{"start":{"line":7,"column":19},"end":{"line":7,"column":44}},"5":{"start":{"line":9,"column":21},"end":{"line":9,"column":79}},"6":{"start":{"line":9,"column":49},"end":{"line":9,"column":75}},"7":{"start":{"line":10,"column":21},"end":{"line":10,"column":59}},"8":{"start":{"line":10,"column":42},"end":{"line":10,"column":51}},"9":{"start":{"line":12,"column":2},"end":{"line":15,"column":5}},"10":{"start":{"line":20,"column":0},"end":{"line":51,"column":3}},"11":{"start":{"line":21,"column":17},"end":{"line":21,"column":42}},"12":{"start":{"line":22,"column":21},"end":{"line":22,"column":48}},"13":{"start":{"line":24,"column":47},"end":{"line":24,"column":56}},"14":{"start":{"line":26,"column":2},"end":{"line":28,"column":3}},"15":{"start":{"line":27,"column":4},"end":{"line":27,"column":61}},"16":{"start":{"line":27,"column":36},"end":{"line":27,"column":59}},"17":{"start":{"line":30,"column":2},"end":{"line":32,"column":3}},"18":{"start":{"line":31,"column":4},"end":{"line":31,"column":61}},"19":{"start":{"line":31,"column":36},"end":{"line":31,"column":59}},"20":{"start":{"line":34,"column":2},"end":{"line":40,"column":3}},"21":{"start":{"line":35,"column":14},"end":{"line":35,"column":34}},"22":{"start":{"line":36,"column":4},"end":{"line":39,"column":6}},"23":{"start":{"line":37,"column":6},"end":{"line":38,"column":53}},"24":{"start":{"line":42,"column":2},"end":{"line":42,"column":71}},"25":{"start":{"line":42,"column":28},"end":{"line":42,"column":71}},"26":{"start":{"line":42,"column":52},"end":{"line":42,"column":69}},"27":{"start":{"line":43,"column":2},"end":{"line":43,"column":72}},"28":{"start":{"line":43,"column":29},"end":{"line":43,"column":72}},"29":{"start":{"line":43,"column":53},"end":{"line":43,"column":70}},"30":{"start":{"line":44,"column":2},"end":{"line":44,"column":87}},"31":{"start":{"line":44,"column":27},"end":{"line":44,"column":87}},"32":{"start":{"line":44,"column":51},"end":{"line":44,"column":85}},"33":{"start":{"line":46,"column":2},"end":{"line":50,"column":5}},"34":{"start":{"line":55,"column":0},"end":{"line":64,"column":3}},"35":{"start":{"line":56,"column":19},"end":{"line":56,"column":44}},"36":{"start":{"line":57,"column":18},"end":{"line":57,"column":60}},"37":{"start":{"line":57,"column":37},"end":{"line":57,"column":59}},"38":{"start":{"line":59,"column":2},"end":{"line":61,"column":3}},"39":{"start":{"line":60,"column":4},"end":{"line":60,"column":74}},"40":{"start":{"line":63,"column":2},"end":{"line":63,"column":44}},"41":{"start":{"line":68,"column":0},"end":{"line":83,"column":3}},"42":{"start":{"line":69,"column":19},"end":{"line":69,"column":44}},"43":{"start":{"line":70,"column":18},"end":{"line":70,"column":60}},"44":{"start":{"line":70,"column":37},"end":{"line":70,"column":59}},"45":{"start":{"line":72,"column":2},"end":{"line":80,"column":3}},"46":{"start":{"line":73,"column":4},"end":{"line":79,"column":7}},"47":{"start":{"line":82,"column":2},"end":{"line":82,"column":61}},"48":{"start":{"line":87,"column":0},"end":{"line":89,"column":3}},"49":{"start":{"line":88,"column":2},"end":{"line":88,"column":22}},"50":{"start":{"line":93,"column":0},"end":{"line":96,"column":3}},"51":{"start":{"line":94,"column":2},"end":{"line":94,"column":57}},"52":{"start":{"line":94,"column":24},"end":{"line":94,"column":57}},"53":{"start":{"line":95,"column":2},"end":{"line":95,"column":84}},"54":{"start":{"line":98,"column":0},"end":{"line":101,"column":3}},"55":{"start":{"line":99,"column":2},"end":{"line":99,"column":57}},"56":{"start":{"line":99,"column":24},"end":{"line":99,"column":57}},"57":{"start":{"line":100,"column":2},"end":{"line":100,"column":42}},"58":{"start":{"line":103,"column":0},"end":{"line":105,"column":3}},"59":{"start":{"line":104,"column":2},"end":{"line":104,"column":49}},"60":{"start":{"line":107,"column":0},"end":{"line":107,"column":24}}},"fnMap":{"0":{"name":"(anonymous_0)","decl":{"start":{"line":6,"column":16},"end":{"line":6,"column":17}},"loc":{"start":{"line":6,"column":36},"end":{"line":16,"column":1}},"line":6},"1":{"name":"(anonymous_1)","decl":{"start":{"line":9,"column":37},"end":{"line":9,"column":38}},"loc":{"start":{"line":9,"column":49},"end":{"line":9,"column":75}},"line":9},"2":{"name":"(anonymous_2)","decl":{"start":{"line":10,"column":37},"end":{"line":10,"column":38}},"loc":{"start":{"line":10,"column":42},"end":{"line":10,"column":51}},"line":10},"3":{"name":"(anonymous_3)","decl":{"start":{"line":20,"column":24},"end":{"line":20,"column":25}},"loc":{"start":{"line":20,"column":44},"end":{"line":51,"column":1}},"line":20},"4":{"name":"(anonymous_4)","decl":{"start":{"line":27,"column":31},"end":{"line":27,"column":32}},"loc":{"start":{"line":27,"column":36},"end":{"line":27,"column":59}},"line":27},"5":{"name":"(anonymous_5)","decl":{"start":{"line":31,"column":31},"end":{"line":31,"column":32}},"loc":{"start":{"line":31,"column":36},"end":{"line":31,"column":59}},"line":31},"6":{"name":"(anonymous_6)","decl":{"start":{"line":36,"column":31},"end":{"line":36,"column":32}},"loc":{"start":{"line":37,"column":6},"end":{"line":38,"column":53}},"line":37},"7":{"name":"(anonymous_7)","decl":{"start":{"line":42,"column":42},"end":{"line":42,"column":43}},"loc":{"start":{"line":42,"column":52},"end":{"line":42,"column":69}},"line":42},"8":{"name":"(anonymous_8)","decl":{"start":{"line":43,"column":43},"end":{"line":43,"column":44}},"loc":{"start":{"line":43,"column":53},"end":{"line":43,"column":70}},"line":43},"9":{"name":"(anonymous_9)","decl":{"start":{"line":44,"column":41},"end":{"line":44,"column":42}},"loc":{"start":{"line":44,"column":51},"end":{"line":44,"column":85}},"line":44},"10":{"name":"(anonymous_10)","decl":{"start":{"line":55,"column":27},"end":{"line":55,"column":28}},"loc":{"start":{"line":55,"column":47},"end":{"line":64,"column":1}},"line":55},"11":{"name":"(anonymous_11)","decl":{"start":{"line":57,"column":32},"end":{"line":57,"column":33}},"loc":{"start":{"line":57,"column":37},"end":{"line":57,"column":59}},"line":57},"12":{"name":"(anonymous_12)","decl":{"start":{"line":68,"column":32},"end":{"line":68,"column":33}},"loc":{"start":{"line":68,"column":52},"end":{"line":83,"column":1}},"line":68},"13":{"name":"(anonymous_13)","decl":{"start":{"line":70,"column":32},"end":{"line":70,"column":33}},"loc":{"start":{"line":70,"column":37},"end":{"line":70,"column":59}},"line":70},"14":{"name":"(anonymous_14)","decl":{"start":{"line":87,"column":21},"end":{"line":87,"column":22}},"loc":{"start":{"line":87,"column":35},"end":{"line":89,"column":1}},"line":87},"15":{"name":"(anonymous_15)","decl":{"start":{"line":93,"column":21},"end":{"line":93,"column":22}},"loc":{"start":{"line":93,"column":35},"end":{"line":96,"column":1}},"line":93},"16":{"name":"(anonymous_16)","decl":{"start":{"line":98,"column":24},"end":{"line":98,"column":25}},"loc":{"start":{"line":98,"column":38},"end":{"line":101,"column":1}},"line":98},"17":{"name":"(anonymous_17)","decl":{"start":{"line":103,"column":31},"end":{"line":103,"column":32}},"loc":{"start":{"line":103,"column":45},"end":{"line":105,"column":1}},"line":103}},"branchMap":{"0":{"loc":{"start":{"line":9,"column":62},"end":{"line":9,"column":74}},"type":"binary-expr","locations":[{"start":{"line":9,"column":62},"end":{"line":9,"column":69}},{"start":{"line":9,"column":73},"end":{"line":9,"column":74}}],"line":9},"1":{"loc":{"start":{"line":26,"column":2},"end":{"line":28,"column":3}},"type":"if","locations":[{"start":{"line":26,"column":2},"end":{"line":28,"column":3}},{"start":{},"end":{}}],"line":26},"2":{"loc":{"start":{"line":26,"column":6},"end":{"line":26,"column":36}},"type":"binary-expr","locations":[{"start":{"line":26,"column":6},"end":{"line":26,"column":14}},{"start":{"line":26,"column":18},"end":{"line":26,"column":36}}],"line":26},"3":{"loc":{"start":{"line":30,"column":2},"end":{"line":32,"column":3}},"type":"if","locations":[{"start":{"line":30,"column":2},"end":{"line":32,"column":3}},{"start":{},"end":{}}],"line":30},"4":{"loc":{"start":{"line":34,"column":2},"end":{"line":40,"column":3}},"type":"if","locations":[{"start":{"line":34,"column":2},"end":{"line":40,"column":3}},{"start":{},"end":{}}],"line":34},"5":{"loc":{"start":{"line":37,"column":6},"end":{"line":38,"column":53}},"type":"binary-expr","locations":[{"start":{"line":37,"column":6},"end":{"line":37,"column":38}},{"start":{"line":38,"column":6},"end":{"line":38,"column":53}}],"line":37},"6":{"loc":{"start":{"line":38,"column":7},"end":{"line":38,"column":26}},"type":"binary-expr","locations":[{"start":{"line":38,"column":7},"end":{"line":38,"column":20}},{"start":{"line":38,"column":24},"end":{"line":38,"column":26}}],"line":38},"7":{"loc":{"start":{"line":42,"column":2},"end":{"line":42,"column":71}},"type":"if","locations":[{"start":{"line":42,"column":2},"end":{"line":42,"column":71}},{"start":{},"end":{}}],"line":42},"8":{"loc":{"start":{"line":43,"column":2},"end":{"line":43,"column":72}},"type":"if","locations":[{"start":{"line":43,"column":2},"end":{"line":43,"column":72}},{"start":{},"end":{}}],"line":43},"9":{"loc":{"start":{"line":44,"column":2},"end":{"line":44,"column":87}},"type":"if","locations":[{"start":{"line":44,"column":2},"end":{"line":44,"column":87}},{"start":{},"end":{}}],"line":44},"10":{"loc":{"start":{"line":59,"column":2},"end":{"line":61,"column":3}},"type":"if","locations":[{"start":{"line":59,"column":2},"end":{"line":61,"column":3}},{"start":{},"end":{}}],"line":59},"11":{"loc":{"start":{"line":72,"column":2},"end":{"line":80,"column":3}},"type":"if","locations":[{"start":{"line":72,"column":2},"end":{"line":80,"column":3}},{"start":{},"end":{}}],"line":72},"12":{"loc":{"start":{"line":77,"column":12},"end":{"line":77,"column":66}},"type":"cond-expr","locations":[{"start":{"line":77,"column":31},"end":{"line":77,"column":56}},{"start":{"line":77,"column":59},"end":{"line":77,"column":66}}],"line":77},"13":{"loc":{"start":{"line":82,"column":29},"end":{"line":82,"column":57}},"type":"cond-expr","locations":[{"start":{"line":82,"column":39},"end":{"line":82,"column":51}},{"start":{"line":82,"column":54},"end":{"line":82,"column":57}}],"line":82},"14":{"loc":{"start":{"line":94,"column":2},"end":{"line":94,"column":57}},"type":"if","locations":[{"start":{"line":94,"column":2},"end":{"line":94,"column":57}},{"start":{},"end":{}}],"line":94},"15":{"loc":{"start":{"line":95,"column":47},"end":{"line":95,"column":80}},"type":"binary-expr","locations":[{"start":{"line":95,"column":47},"end":{"line":95,"column":65}},{"start":{"line":95,"column":69},"end":{"line":95,"column":80}}],"line":95},"16":{"loc":{"start":{"line":99,"column":2},"end":{"line":99,"column":57}},"type":"if","locations":[{"start":{"line":99,"column":2},"end":{"line":99,"column":57}},{"start":{},"end":{}}],"line":99}},"s":{"0":4,"1":4,"2":4,"3":4,"4":2,"5":2,"6":5,"7":2,"8":5,"9":2,"10":4,"11":2,"12":2,"13":2,"14":2,"15":1,"16":5,"17":2,"18":1,"19":3,"20":2,"21":1,"22":1,"23":2,"24":2,"25":0,"26":0,"27":2,"28":1,"29":0,"30":2,"31":0,"32":0,"33":2,"34":4,"35":3,"36":3,"37":6,"38":3,"39":2,"40":1,"41":4,"42":2,"43":2,"44":1,"45":2,"46":1,"47":2,"48":4,"49":1,"50":4,"51":2,"52":1,"53":1,"54":4,"55":2,"56":1,"57":1,"58":4,"59":1,"60":4},"f":{"0":2,"1":5,"2":5,"3":2,"4":5,"5":3,"6":2,"7":0,"8":0,"9":0,"10":3,"11":6,"12":2,"13":1,"14":1,"15":2,"16":2,"17":1},"b":{"0":[5,0],"1":[1,1],"2":[2,1],"3":[1,1],"4":[1,1],"5":[2,1],"6":[1,0],"7":[0,2],"8":[1,1],"9":[0,2],"10":[2,1],"11":[1,1],"12":[1,0],"13":[1,1],"14":[1,1],"15":[1,1],"16":[1,1]},"_coverageSchema":"1a1c01bbd47fc00a2c39e90264f33305004495a9","hash":"5f19bc9cf7db465c61e220d0dd310eba91b65f38"}
,"C:\\Users\\nutta\\Documents\\GitHub\\4kon\\routes\\products.js": {"path":"C:\\Users\\nutta\\Documents\\GitHub\\4kon\\routes\\products.js","statementMap":{"0":{"start":{"line":1,"column":16},"end":{"line":1,"column":34}},"1":{"start":{"line":2,"column":15},"end":{"line":2,"column":31}},"2":{"start":{"line":3,"column":23},"end":{"line":3,"column":38}},"3":{"start":{"line":4,"column":25},"end":{"line":4,"column":54}},"4":{"start":{"line":5,"column":17},"end":{"line":5,"column":45}},"5":{"start":{"line":8,"column":0},"end":{"line":48,"column":3}},"6":{"start":{"line":9,"column":82},"end":{"line":9,"column":90}},"7":{"start":{"line":11,"column":2},"end":{"line":13,"column":3}},"8":{"start":{"line":12,"column":4},"end":{"line":12,"column":51}},"9":{"start":{"line":15,"column":21},"end":{"line":27,"column":3}},"10":{"start":{"line":30,"column":20},"end":{"line":30,"column":72}},"11":{"start":{"line":31,"column":2},"end":{"line":34,"column":3}},"12":{"start":{"line":32,"column":4},"end":{"line":32,"column":25}},"13":{"start":{"line":33,"column":4},"end":{"line":33,"column":56}},"14":{"start":{"line":37,"column":2},"end":{"line":45,"column":3}},"15":{"start":{"line":38,"column":33},"end":{"line":38,"column":78}},"16":{"start":{"line":40,"column":4},"end":{"line":44,"column":5}},"17":{"start":{"line":40,"column":30},"end":{"line":40,"column":60}},"18":{"start":{"line":41,"column":6},"end":{"line":43,"column":9}},"19":{"start":{"line":47,"column":2},"end":{"line":47,"column":44}},"20":{"start":{"line":51,"column":0},"end":{"line":106,"column":3}},"21":{"start":{"line":52,"column":82},"end":{"line":52,"column":90}},"22":{"start":{"line":54,"column":29},"end":{"line":58,"column":13}},"23":{"start":{"line":60,"column":2},"end":{"line":62,"column":3}},"24":{"start":{"line":61,"column":4},"end":{"line":61,"column":71}},"25":{"start":{"line":65,"column":2},"end":{"line":70,"column":3}},"26":{"start":{"line":69,"column":4},"end":{"line":69,"column":85}},"27":{"start":{"line":72,"column":25},"end":{"line":82,"column":3}},"28":{"start":{"line":84,"column":20},"end":{"line":87,"column":28}},"29":{"start":{"line":89,"column":2},"end":{"line":92,"column":3}},"30":{"start":{"line":90,"column":4},"end":{"line":90,"column":25}},"31":{"start":{"line":91,"column":4},"end":{"line":91,"column":58}},"32":{"start":{"line":95,"column":2},"end":{"line":103,"column":3}},"33":{"start":{"line":96,"column":33},"end":{"line":96,"column":78}},"34":{"start":{"line":98,"column":4},"end":{"line":102,"column":5}},"35":{"start":{"line":98,"column":30},"end":{"line":98,"column":64}},"36":{"start":{"line":99,"column":6},"end":{"line":101,"column":9}},"37":{"start":{"line":105,"column":2},"end":{"line":105,"column":44}},"38":{"start":{"line":109,"column":0},"end":{"line":138,"column":3}},"39":{"start":{"line":110,"column":28},"end":{"line":114,"column":13}},"40":{"start":{"line":116,"column":2},"end":{"line":118,"column":3}},"41":{"start":{"line":117,"column":4},"end":{"line":117,"column":71}},"42":{"start":{"line":120,"column":2},"end":{"line":125,"column":3}},"43":{"start":{"line":124,"column":4},"end":{"line":124,"column":82}},"44":{"start":{"line":127,"column":20},"end":{"line":130,"column":28}},"45":{"start":{"line":132,"column":2},"end":{"line":135,"column":3}},"46":{"start":{"line":133,"column":4},"end":{"line":133,"column":25}},"47":{"start":{"line":134,"column":4},"end":{"line":134,"column":58}},"48":{"start":{"line":137,"column":2},"end":{"line":137,"column":28}},"49":{"start":{"line":141,"column":0},"end":{"line":165,"column":3}},"50":{"start":{"line":142,"column":28},"end":{"line":146,"column":13}},"51":{"start":{"line":148,"column":2},"end":{"line":150,"column":3}},"52":{"start":{"line":149,"column":4},"end":{"line":149,"column":71}},"53":{"start":{"line":152,"column":38},"end":{"line":154,"column":16}},"54":{"start":{"line":156,"column":2},"end":{"line":158,"column":3}},"55":{"start":{"line":157,"column":4},"end":{"line":157,"column":25}},"56":{"start":{"line":160,"column":2},"end":{"line":164,"column":5}},"57":{"start":{"line":169,"column":0},"end":{"line":183,"column":3}},"58":{"start":{"line":170,"column":38},"end":{"line":172,"column":16}},"59":{"start":{"line":174,"column":2},"end":{"line":176,"column":3}},"60":{"start":{"line":175,"column":4},"end":{"line":175,"column":25}},"61":{"start":{"line":178,"column":2},"end":{"line":182,"column":5}},"62":{"start":{"line":185,"column":0},"end":{"line":185,"column":24}}},"fnMap":{"0":{"name":"(anonymous_0)","decl":{"start":{"line":8,"column":34},"end":{"line":8,"column":35}},"loc":{"start":{"line":8,"column":54},"end":{"line":48,"column":1}},"line":8},"1":{"name":"(anonymous_1)","decl":{"start":{"line":40,"column":25},"end":{"line":40,"column":26}},"loc":{"start":{"line":40,"column":30},"end":{"line":40,"column":60}},"line":40},"2":{"name":"(anonymous_2)","decl":{"start":{"line":51,"column":39},"end":{"line":51,"column":40}},"loc":{"start":{"line":51,"column":59},"end":{"line":106,"column":1}},"line":51},"3":{"name":"(anonymous_3)","decl":{"start":{"line":98,"column":25},"end":{"line":98,"column":26}},"loc":{"start":{"line":98,"column":30},"end":{"line":98,"column":64}},"line":98},"4":{"name":"(anonymous_4)","decl":{"start":{"line":109,"column":41},"end":{"line":109,"column":42}},"loc":{"start":{"line":109,"column":61},"end":{"line":138,"column":1}},"line":109},"5":{"name":"(anonymous_5)","decl":{"start":{"line":141,"column":38},"end":{"line":141,"column":39}},"loc":{"start":{"line":141,"column":58},"end":{"line":165,"column":1}},"line":141},"6":{"name":"(anonymous_6)","decl":{"start":{"line":169,"column":33},"end":{"line":169,"column":34}},"loc":{"start":{"line":169,"column":53},"end":{"line":183,"column":1}},"line":169}},"branchMap":{"0":{"loc":{"start":{"line":11,"column":2},"end":{"line":13,"column":3}},"type":"if","locations":[{"start":{"line":11,"column":2},"end":{"line":13,"column":3}},{"start":{},"end":{}}],"line":11},"1":{"loc":{"start":{"line":11,"column":6},"end":{"line":11,"column":21}},"type":"binary-expr","locations":[{"start":{"line":11,"column":6},"end":{"line":11,"column":11}},{"start":{"line":11,"column":15},"end":{"line":11,"column":21}}],"line":11},"2":{"loc":{"start":{"line":19,"column":14},"end":{"line":19,"column":33}},"type":"binary-expr","locations":[{"start":{"line":19,"column":14},"end":{"line":19,"column":22}},{"start":{"line":19,"column":26},"end":{"line":19,"column":33}}],"line":19},"3":{"loc":{"start":{"line":20,"column":14},"end":{"line":20,"column":45}},"type":"cond-expr","locations":[{"start":{"line":20,"column":25},"end":{"line":20,"column":40}},{"start":{"line":20,"column":43},"end":{"line":20,"column":45}}],"line":20},"4":{"loc":{"start":{"line":21,"column":10},"end":{"line":21,"column":33}},"type":"cond-expr","locations":[{"start":{"line":21,"column":17},"end":{"line":21,"column":28}},{"start":{"line":21,"column":31},"end":{"line":21,"column":33}}],"line":21},"5":{"loc":{"start":{"line":22,"column":17},"end":{"line":22,"column":54}},"type":"cond-expr","locations":[{"start":{"line":22,"column":31},"end":{"line":22,"column":49}},{"start":{"line":22,"column":52},"end":{"line":22,"column":54}}],"line":22},"6":{"loc":{"start":{"line":23,"column":12},"end":{"line":23,"column":39}},"type":"cond-expr","locations":[{"start":{"line":23,"column":21},"end":{"line":23,"column":34}},{"start":{"line":23,"column":37},"end":{"line":23,"column":39}}],"line":23},"7":{"loc":{"start":{"line":31,"column":2},"end":{"line":34,"column":3}},"type":"if","locations":[{"start":{"line":31,"column":2},"end":{"line":34,"column":3}},{"start":{},"end":{}}],"line":31},"8":{"loc":{"start":{"line":37,"column":2},"end":{"line":45,"column":3}},"type":"if","locations":[{"start":{"line":37,"column":2},"end":{"line":45,"column":3}},{"start":{},"end":{}}],"line":37},"9":{"loc":{"start":{"line":40,"column":4},"end":{"line":44,"column":5}},"type":"if","locations":[{"start":{"line":40,"column":4},"end":{"line":44,"column":5}},{"start":{},"end":{}}],"line":40},"10":{"loc":{"start":{"line":60,"column":2},"end":{"line":62,"column":3}},"type":"if","locations":[{"start":{"line":60,"column":2},"end":{"line":62,"column":3}},{"start":{},"end":{}}],"line":60},"11":{"loc":{"start":{"line":65,"column":2},"end":{"line":70,"column":3}},"type":"if","locations":[{"start":{"line":65,"column":2},"end":{"line":70,"column":3}},{"start":{},"end":{}}],"line":65},"12":{"loc":{"start":{"line":66,"column":4},"end":{"line":67,"column":37}},"type":"binary-expr","locations":[{"start":{"line":66,"column":4},"end":{"line":66,"column":46}},{"start":{"line":67,"column":4},"end":{"line":67,"column":37}}],"line":66},"13":{"loc":{"start":{"line":75,"column":14},"end":{"line":75,"column":33}},"type":"binary-expr","locations":[{"start":{"line":75,"column":14},"end":{"line":75,"column":22}},{"start":{"line":75,"column":26},"end":{"line":75,"column":33}}],"line":75},"14":{"loc":{"start":{"line":76,"column":14},"end":{"line":76,"column":45}},"type":"cond-expr","locations":[{"start":{"line":76,"column":25},"end":{"line":76,"column":40}},{"start":{"line":76,"column":43},"end":{"line":76,"column":45}}],"line":76},"15":{"loc":{"start":{"line":77,"column":10},"end":{"line":77,"column":33}},"type":"cond-expr","locations":[{"start":{"line":77,"column":17},"end":{"line":77,"column":28}},{"start":{"line":77,"column":31},"end":{"line":77,"column":33}}],"line":77},"16":{"loc":{"start":{"line":78,"column":17},"end":{"line":78,"column":54}},"type":"cond-expr","locations":[{"start":{"line":78,"column":31},"end":{"line":78,"column":49}},{"start":{"line":78,"column":52},"end":{"line":78,"column":54}}],"line":78},"17":{"loc":{"start":{"line":79,"column":12},"end":{"line":79,"column":39}},"type":"cond-expr","locations":[{"start":{"line":79,"column":21},"end":{"line":79,"column":34}},{"start":{"line":79,"column":37},"end":{"line":79,"column":39}}],"line":79},"18":{"loc":{"start":{"line":89,"column":2},"end":{"line":92,"column":3}},"type":"if","locations":[{"start":{"line":89,"column":2},"end":{"line":92,"column":3}},{"start":{},"end":{}}],"line":89},"19":{"loc":{"start":{"line":95,"column":2},"end":{"line":103,"column":3}},"type":"if","locations":[{"start":{"line":95,"column":2},"end":{"line":103,"column":3}},{"start":{},"end":{}}],"line":95},"20":{"loc":{"start":{"line":98,"column":4},"end":{"line":102,"column":5}},"type":"if","locations":[{"start":{"line":98,"column":4},"end":{"line":102,"column":5}},{"start":{},"end":{}}],"line":98},"21":{"loc":{"start":{"line":116,"column":2},"end":{"line":118,"column":3}},"type":"if","locations":[{"start":{"line":116,"column":2},"end":{"line":118,"column":3}},{"start":{},"end":{}}],"line":116},"22":{"loc":{"start":{"line":120,"column":2},"end":{"line":125,"column":3}},"type":"if","locations":[{"start":{"line":120,"column":2},"end":{"line":125,"column":3}},{"start":{},"end":{}}],"line":120},"23":{"loc":{"start":{"line":121,"column":4},"end":{"line":122,"column":37}},"type":"binary-expr","locations":[{"start":{"line":121,"column":4},"end":{"line":121,"column":45}},{"start":{"line":122,"column":4},"end":{"line":122,"column":37}}],"line":121},"24":{"loc":{"start":{"line":132,"column":2},"end":{"line":135,"column":3}},"type":"if","locations":[{"start":{"line":132,"column":2},"end":{"line":135,"column":3}},{"start":{},"end":{}}],"line":132},"25":{"loc":{"start":{"line":148,"column":2},"end":{"line":150,"column":3}},"type":"if","locations":[{"start":{"line":148,"column":2},"end":{"line":150,"column":3}},{"start":{},"end":{}}],"line":148},"26":{"loc":{"start":{"line":156,"column":2},"end":{"line":158,"column":3}},"type":"if","locations":[{"start":{"line":156,"column":2},"end":{"line":158,"column":3}},{"start":{},"end":{}}],"line":156},"27":{"loc":{"start":{"line":162,"column":16},"end":{"line":162,"column":32}},"type":"binary-expr","locations":[{"start":{"line":162,"column":16},"end":{"line":162,"column":26}},{"start":{"line":162,"column":30},"end":{"line":162,"column":32}}],"line":162},"28":{"loc":{"start":{"line":174,"column":2},"end":{"line":176,"column":3}},"type":"if","locations":[{"start":{"line":174,"column":2},"end":{"line":176,"column":3}},{"start":{},"end":{}}],"line":174},"29":{"loc":{"start":{"line":180,"column":16},"end":{"line":180,"column":32}},"type":"binary-expr","locations":[{"start":{"line":180,"column":16},"end":{"line":180,"column":26}},{"start":{"line":180,"column":30},"end":{"line":180,"column":32}}],"line":180}},"s":{"0":3,"1":3,"2":3,"3":3,"4":3,"5":3,"6":2,"7":2,"8":1,"9":1,"10":1,"11":1,"12":0,"13":0,"14":1,"15":1,"16":1,"17":0,"18":1,"19":1,"20":3,"21":2,"22":2,"23":2,"24":0,"25":2,"26":1,"27":1,"28":1,"29":1,"30":0,"31":0,"32":1,"33":1,"34":1,"35":0,"36":1,"37":1,"38":3,"39":3,"40":3,"41":1,"42":2,"43":1,"44":1,"45":1,"46":0,"47":0,"48":1,"49":3,"50":2,"51":2,"52":1,"53":1,"54":1,"55":0,"56":1,"57":3,"58":1,"59":1,"60":0,"61":1,"62":3},"f":{"0":2,"1":0,"2":2,"3":0,"4":3,"5":2,"6":1},"b":{"0":[1,1],"1":[2,1],"2":[1,0],"3":[1,0],"4":[1,0],"5":[1,0],"6":[1,0],"7":[0,1],"8":[1,0],"9":[1,0],"10":[0,2],"11":[1,1],"12":[2,1],"13":[1,0],"14":[1,0],"15":[1,0],"16":[1,0],"17":[1,0],"18":[0,1],"19":[1,0],"20":[1,0],"21":[1,2],"22":[1,1],"23":[2,1],"24":[0,1],"25":[1,1],"26":[0,1],"27":[1,0],"28":[0,1],"29":[1,0]},"_coverageSchema":"1a1c01bbd47fc00a2c39e90264f33305004495a9","hash":"a35202cb616618ddfdbaad6eb5a327e437e403d9"}
,"C:\\Users\\nutta\\Documents\\GitHub\\4kon\\utils\\db.js": {"path":"C:\\Users\\nutta\\Documents\\GitHub\\4kon\\utils\\db.js","statementMap":{"0":{"start":{"line":1,"column":17},"end":{"line":1,"column":38}},"1":{"start":{"line":5,"column":26},"end":{"line":7,"column":16}},"2":{"start":{"line":9,"column":2},"end":{"line":12,"column":3}},"3":{"start":{"line":10,"column":4},"end":{"line":10,"column":40}},"4":{"start":{"line":11,"column":4},"end":{"line":11,"column":14}},"5":{"start":{"line":14,"column":2},"end":{"line":14,"column":14}},"6":{"start":{"line":19,"column":34},"end":{"line":22,"column":13}},"7":{"start":{"line":24,"column":2},"end":{"line":27,"column":3}},"8":{"start":{"line":25,"column":4},"end":{"line":25,"column":42}},"9":{"start":{"line":26,"column":4},"end":{"line":26,"column":37}},"10":{"start":{"line":29,"column":2},"end":{"line":29,"column":41}},"11":{"start":{"line":35,"column":20},"end":{"line":38,"column":17}},"12":{"start":{"line":40,"column":2},"end":{"line":42,"column":3}},"13":{"start":{"line":41,"column":4},"end":{"line":41,"column":42}},"14":{"start":{"line":47,"column":20},"end":{"line":50,"column":17}},"15":{"start":{"line":52,"column":2},"end":{"line":54,"column":3}},"16":{"start":{"line":53,"column":4},"end":{"line":53,"column":42}},"17":{"start":{"line":59,"column":17},"end":{"line":59,"column":36}},"18":{"start":{"line":61,"column":16},"end":{"line":61,"column":35}},"19":{"start":{"line":63,"column":2},"end":{"line":78,"column":3}},"20":{"start":{"line":64,"column":27},"end":{"line":64,"column":42}},"21":{"start":{"line":66,"column":0},"end":{"line":75,"column":3}},"22":{"start":{"line":77,"column":4},"end":{"line":77,"column":41}},"23":{"start":{"line":81,"column":0},"end":{"line":81,"column":7}},"24":{"start":{"line":83,"column":0},"end":{"line":83,"column":50}}},"fnMap":{"0":{"name":"read","decl":{"start":{"line":4,"column":15},"end":{"line":4,"column":19}},"loc":{"start":{"line":4,"column":27},"end":{"line":15,"column":1}},"line":4},"1":{"name":"insert","decl":{"start":{"line":18,"column":15},"end":{"line":18,"column":21}},"loc":{"start":{"line":18,"column":35},"end":{"line":30,"column":1}},"line":18},"2":{"name":"update","decl":{"start":{"line":34,"column":15},"end":{"line":34,"column":21}},"loc":{"start":{"line":34,"column":42},"end":{"line":43,"column":1}},"line":34},"3":{"name":"remove","decl":{"start":{"line":46,"column":15},"end":{"line":46,"column":21}},"loc":{"start":{"line":46,"column":33},"end":{"line":55,"column":1}},"line":46},"4":{"name":"seed","decl":{"start":{"line":58,"column":15},"end":{"line":58,"column":19}},"loc":{"start":{"line":58,"column":22},"end":{"line":79,"column":1}},"line":58}},"branchMap":{"0":{"loc":{"start":{"line":9,"column":2},"end":{"line":12,"column":3}},"type":"if","locations":[{"start":{"line":9,"column":2},"end":{"line":12,"column":3}},{"start":{},"end":{}}],"line":9},"1":{"loc":{"start":{"line":24,"column":2},"end":{"line":27,"column":3}},"type":"if","locations":[{"start":{"line":24,"column":2},"end":{"line":27,"column":3}},{"start":{},"end":{}}],"line":24},"2":{"loc":{"start":{"line":40,"column":2},"end":{"line":42,"column":3}},"type":"if","locations":[{"start":{"line":40,"column":2},"end":{"line":42,"column":3}},{"start":{},"end":{}}],"line":40},"3":{"loc":{"start":{"line":52,"column":2},"end":{"line":54,"column":3}},"type":"if","locations":[{"start":{"line":52,"column":2},"end":{"line":54,"column":3}},{"start":{},"end":{}}],"line":52},"4":{"loc":{"start":{"line":63,"column":2},"end":{"line":78,"column":3}},"type":"if","locations":[{"start":{"line":63,"column":2},"end":{"line":78,"column":3}},{"start":{},"end":{}}],"line":63}},"s":{"0":8,"1":10,"2":10,"3":2,"4":2,"5":8,"6":8,"7":8,"8":2,"9":2,"10":6,"11":1,"12":1,"13":1,"14":1,"15":1,"16":1,"17":8,"18":8,"19":8,"20":6,"21":6,"22":6,"23":8,"24":8},"f":{"0":10,"1":8,"2":1,"3":1,"4":8},"b":{"0":[2,8],"1":[2,6],"2":[1,0],"3":[1,0],"4":[6,2]},"_coverageSchema":"1a1c01bbd47fc00a2c39e90264f33305004495a9","hash":"8bde8c8576a957ad421ea60bc766a8833c4819cf"}
,"C:\\Users\\nutta\\Documents\\GitHub\\4kon\\utils\\supabase.js": {"path":"C:\\Users\\nutta\\Documents\\GitHub\\4kon\\utils\\supabase.js","statementMap":{"0":{"start":{"line":1,"column":25},"end":{"line":1,"column":57}},"1":{"start":{"line":12,"column":17},"end":{"line":15,"column":1}},"2":{"start":{"line":17,"column":0},"end":{"line":17,"column":26}}},"fnMap":{},"branchMap":{},"s":{"0":3,"1":3,"2":3},"f":{},"b":{},"_coverageSchema":"1a1c01bbd47fc00a2c39e90264f33305004495a9","hash":"f625ab93e37708ff0dc11fe6392ee82e014c1039"}
}
