{"D:\\Github\\4kon\\middleware\\auth.js": {"path":"D:\\Github\\4kon\\middleware\\auth.js","statementMap":{"0":{"start":{"line":2,"column":2},"end":{"line":4,"column":3}},"1":{"start":{"line":3,"column":4},"end":{"line":3,"column":82}},"2":{"start":{"line":5,"column":2},"end":{"line":5,"column":9}},"3":{"start":{"line":9,"column":2},"end":{"line":12,"column":3}},"4":{"start":{"line":11,"column":4},"end":{"line":11,"column":45}},"5":{"start":{"line":13,"column":2},"end":{"line":13,"column":9}},"6":{"start":{"line":16,"column":0},"end":{"line":16,"column":48}}},"fnMap":{"0":{"name":"requireLogin","decl":{"start":{"line":1,"column":9},"end":{"line":1,"column":21}},"loc":{"start":{"line":1,"column":38},"end":{"line":6,"column":1}},"line":1},"1":{"name":"requireAdmin","decl":{"start":{"line":8,"column":9},"end":{"line":8,"column":21}},"loc":{"start":{"line":8,"column":38},"end":{"line":14,"column":1}},"line":8}},"branchMap":{"0":{"loc":{"start":{"line":2,"column":2},"end":{"line":4,"column":3}},"type":"if","locations":[{"start":{"line":2,"column":2},"end":{"line":4,"column":3}},{"start":{},"end":{}}],"line":2},"1":{"loc":{"start":{"line":9,"column":2},"end":{"line":12,"column":3}},"type":"if","locations":[{"start":{"line":9,"column":2},"end":{"line":12,"column":3}},{"start":{},"end":{}}],"line":9},"2":{"loc":{"start":{"line":9,"column":6},"end":{"line":9,"column":60}},"type":"binary-expr","locations":[{"start":{"line":9,"column":6},"end":{"line":9,"column":23}},{"start":{"line":9,"column":27},"end":{"line":9,"column":60}}],"line":9}},"s":{"0":48,"1":2,"2":46,"3":3,"4":2,"5":1,"6":4},"f":{"0":48,"1":3},"b":{"0":[2,46],"1":[2,1],"2":[3,2]},"_coverageSchema":"1a1c01bbd47fc00a2c39e90264f33305004495a9","hash":"b7a9c6263334df7a8533d2bfdd1f48a47fe24268"}
,"D:\\Github\\4kon\\routes\\auth.js": {"path":"D:\\Github\\4kon\\routes\\auth.js","statementMap":{"0":{"start":{"line":1,"column":16},"end":{"line":1,"column":34}},"1":{"start":{"line":2,"column":15},"end":{"line":2,"column":31}},"2":{"start":{"line":3,"column":15},"end":{"line":3,"column":34}},"3":{"start":{"line":4,"column":23},"end":{"line":4,"column":38}},"4":{"start":{"line":5,"column":17},"end":{"line":5,"column":45}},"5":{"start":{"line":7,"column":23},"end":{"line":7,"column":30}},"6":{"start":{"line":8,"column":23},"end":{"line":8,"column":34}},"7":{"start":{"line":9,"column":22},"end":{"line":9,"column":60}},"8":{"start":{"line":10,"column":30},"end":{"line":10,"column":44}},"9":{"start":{"line":11,"column":27},"end":{"line":11,"column":47}},"10":{"start":{"line":13,"column":0},"end":{"line":15,"column":3}},"11":{"start":{"line":14,"column":2},"end":{"line":14,"column":45}},"12":{"start":{"line":17,"column":0},"end":{"line":22,"column":3}},"13":{"start":{"line":18,"column":2},"end":{"line":21,"column":5}},"14":{"start":{"line":25,"column":0},"end":{"line":27,"column":3}},"15":{"start":{"line":26,"column":2},"end":{"line":26,"column":45}},"16":{"start":{"line":29,"column":0},"end":{"line":96,"column":3}},"17":{"start":{"line":30,"column":33},"end":{"line":30,"column":41}},"18":{"start":{"line":32,"column":2},"end":{"line":36,"column":3}},"19":{"start":{"line":33,"column":4},"end":{"line":35,"column":7}},"20":{"start":{"line":38,"column":16},"end":{"line":38,"column":20}},"21":{"start":{"line":39,"column":2},"end":{"line":86,"column":3}},"22":{"start":{"line":41,"column":57},"end":{"line":45,"column":20}},"23":{"start":{"line":47,"column":4},"end":{"line":47,"column":47}},"24":{"start":{"line":47,"column":25},"end":{"line":47,"column":47}},"25":{"start":{"line":48,"column":4},"end":{"line":80,"column":5}},"26":{"start":{"line":49,"column":6},"end":{"line":49,"column":30}},"27":{"start":{"line":52,"column":57},"end":{"line":56,"column":22}},"28":{"start":{"line":58,"column":6},"end":{"line":58,"column":47}},"29":{"start":{"line":58,"column":26},"end":{"line":58,"column":47}},"30":{"start":{"line":59,"column":6},"end":{"line":79,"column":7}},"31":{"start":{"line":60,"column":8},"end":{"line":60,"column":31}},"32":{"start":{"line":63,"column":26},"end":{"line":71,"column":9}},"33":{"start":{"line":73,"column":39},"end":{"line":75,"column":30}},"34":{"start":{"line":77,"column":8},"end":{"line":77,"column":43}},"35":{"start":{"line":77,"column":25},"end":{"line":77,"column":43}},"36":{"start":{"line":78,"column":8},"end":{"line":78,"column":32}},"37":{"start":{"line":82,"column":4},"end":{"line":82,"column":23}},"38":{"start":{"line":83,"column":4},"end":{"line":85,"column":7}},"39":{"start":{"line":88,"column":2},"end":{"line":93,"column":4}},"40":{"start":{"line":95,"column":2},"end":{"line":95,"column":32}},"41":{"start":{"line":101,"column":0},"end":{"line":139,"column":3}},"42":{"start":{"line":102,"column":2},"end":{"line":138,"column":3}},"43":{"start":{"line":103,"column":20},"end":{"line":103,"column":57}},"44":{"start":{"line":104,"column":25},"end":{"line":106,"column":11}},"45":{"start":{"line":107,"column":25},"end":{"line":107,"column":78}},"46":{"start":{"line":109,"column":23},"end":{"line":111,"column":53}},"47":{"start":{"line":113,"column":28},"end":{"line":124,"column":6}},"48":{"start":{"line":126,"column":4},"end":{"line":128,"column":5}},"49":{"start":{"line":127,"column":6},"end":{"line":127,"column":59}},"50":{"start":{"line":130,"column":4},"end":{"line":130,"column":34}},"51":{"start":{"line":133,"column":4},"end":{"line":133,"column":23}},"52":{"start":{"line":134,"column":4},"end":{"line":137,"column":7}},"53":{"start":{"line":143,"column":0},"end":{"line":194,"column":3}},"54":{"start":{"line":144,"column":2},"end":{"line":193,"column":3}},"55":{"start":{"line":145,"column":28},"end":{"line":145,"column":36}},"56":{"start":{"line":147,"column":4},"end":{"line":149,"column":5}},"57":{"start":{"line":148,"column":6},"end":{"line":148,"column":57}},"58":{"start":{"line":151,"column":28},"end":{"line":151,"column":68}},"59":{"start":{"line":153,"column":23},"end":{"line":155,"column":5}},"60":{"start":{"line":154,"column":11},"end":{"line":154,"column":64}},"61":{"start":{"line":157,"column":4},"end":{"line":184,"column":5}},"62":{"start":{"line":158,"column":27},"end":{"line":158,"column":54}},"63":{"start":{"line":160,"column":23},"end":{"line":162,"column":22}},"64":{"start":{"line":160,"column":40},"end":{"line":160,"column":67}},"65":{"start":{"line":164,"column":22},"end":{"line":172,"column":7}},"66":{"start":{"line":174,"column":37},"end":{"line":176,"column":26}},"67":{"start":{"line":178,"column":6},"end":{"line":181,"column":7}},"68":{"start":{"line":179,"column":8},"end":{"line":179,"column":35}},"69":{"start":{"line":180,"column":8},"end":{"line":180,"column":71}},"70":{"start":{"line":183,"column":6},"end":{"line":183,"column":29}},"71":{"start":{"line":186,"column":4},"end":{"line":186,"column":36}},"72":{"start":{"line":188,"column":4},"end":{"line":188,"column":44}},"73":{"start":{"line":191,"column":4},"end":{"line":191,"column":23}},"74":{"start":{"line":192,"column":4},"end":{"line":192,"column":59}},"75":{"start":{"line":199,"column":0},"end":{"line":210,"column":3}},"76":{"start":{"line":201,"column":20},"end":{"line":201,"column":49}},"77":{"start":{"line":202,"column":2},"end":{"line":204,"column":3}},"78":{"start":{"line":203,"column":4},"end":{"line":203,"column":53}},"79":{"start":{"line":207,"column":2},"end":{"line":209,"column":5}},"80":{"start":{"line":208,"column":4},"end":{"line":208,"column":22}},"81":{"start":{"line":213,"column":0},"end":{"line":213,"column":24}}},"fnMap":{"0":{"name":"(anonymous_0)","decl":{"start":{"line":13,"column":27},"end":{"line":13,"column":28}},"loc":{"start":{"line":13,"column":41},"end":{"line":15,"column":1}},"line":13},"1":{"name":"(anonymous_1)","decl":{"start":{"line":17,"column":22},"end":{"line":17,"column":23}},"loc":{"start":{"line":17,"column":42},"end":{"line":22,"column":1}},"line":17},"2":{"name":"(anonymous_2)","decl":{"start":{"line":25,"column":27},"end":{"line":25,"column":28}},"loc":{"start":{"line":25,"column":41},"end":{"line":27,"column":1}},"line":25},"3":{"name":"(anonymous_3)","decl":{"start":{"line":29,"column":28},"end":{"line":29,"column":29}},"loc":{"start":{"line":29,"column":48},"end":{"line":96,"column":1}},"line":29},"4":{"name":"(anonymous_4)","decl":{"start":{"line":101,"column":22},"end":{"line":101,"column":23}},"loc":{"start":{"line":101,"column":42},"end":{"line":139,"column":1}},"line":101},"5":{"name":"(anonymous_5)","decl":{"start":{"line":143,"column":26},"end":{"line":143,"column":27}},"loc":{"start":{"line":143,"column":46},"end":{"line":194,"column":1}},"line":143},"6":{"name":"(anonymous_6)","decl":{"start":{"line":154,"column":6},"end":{"line":154,"column":7}},"loc":{"start":{"line":154,"column":11},"end":{"line":154,"column":64}},"line":154},"7":{"name":"(anonymous_7)","decl":{"start":{"line":160,"column":35},"end":{"line":160,"column":36}},"loc":{"start":{"line":160,"column":40},"end":{"line":160,"column":67}},"line":160},"8":{"name":"(anonymous_8)","decl":{"start":{"line":199,"column":22},"end":{"line":199,"column":23}},"loc":{"start":{"line":199,"column":42},"end":{"line":210,"column":1}},"line":199},"9":{"name":"(anonymous_9)","decl":{"start":{"line":207,"column":22},"end":{"line":207,"column":23}},"loc":{"start":{"line":207,"column":28},"end":{"line":209,"column":3}},"line":207}},"branchMap":{"0":{"loc":{"start":{"line":32,"column":2},"end":{"line":36,"column":3}},"type":"if","locations":[{"start":{"line":32,"column":2},"end":{"line":36,"column":3}},{"start":{},"end":{}}],"line":32},"1":{"loc":{"start":{"line":32,"column":6},"end":{"line":32,"column":64}},"type":"binary-expr","locations":[{"start":{"line":32,"column":6},"end":{"line":32,"column":33}},{"start":{"line":32,"column":37},"end":{"line":32,"column":64}}],"line":32},"2":{"loc":{"start":{"line":47,"column":4},"end":{"line":47,"column":47}},"type":"if","locations":[{"start":{"line":47,"column":4},"end":{"line":47,"column":47}},{"start":{},"end":{}}],"line":47},"3":{"loc":{"start":{"line":48,"column":4},"end":{"line":80,"column":5}},"type":"if","locations":[{"start":{"line":48,"column":4},"end":{"line":80,"column":5}},{"start":{"line":50,"column":11},"end":{"line":80,"column":5}}],"line":48},"4":{"loc":{"start":{"line":58,"column":6},"end":{"line":58,"column":47}},"type":"if","locations":[{"start":{"line":58,"column":6},"end":{"line":58,"column":47}},{"start":{},"end":{}}],"line":58},"5":{"loc":{"start":{"line":59,"column":6},"end":{"line":79,"column":7}},"type":"if","locations":[{"start":{"line":59,"column":6},"end":{"line":79,"column":7}},{"start":{"line":61,"column":13},"end":{"line":79,"column":7}}],"line":59},"6":{"loc":{"start":{"line":77,"column":8},"end":{"line":77,"column":43}},"type":"if","locations":[{"start":{"line":77,"column":8},"end":{"line":77,"column":43}},{"start":{},"end":{}}],"line":77},"7":{"loc":{"start":{"line":104,"column":25},"end":{"line":106,"column":11}},"type":"cond-expr","locations":[{"start":{"line":105,"column":8},"end":{"line":105,"column":26}},{"start":{"line":106,"column":8},"end":{"line":106,"column":11}}],"line":104},"8":{"loc":{"start":{"line":104,"column":25},"end":{"line":104,"column":101}},"type":"binary-expr","locations":[{"start":{"line":104,"column":25},"end":{"line":104,"column":63}},{"start":{"line":104,"column":67},"end":{"line":104,"column":101}}],"line":104},"9":{"loc":{"start":{"line":109,"column":23},"end":{"line":111,"column":53}},"type":"cond-expr","locations":[{"start":{"line":110,"column":8},"end":{"line":110,"column":46}},{"start":{"line":111,"column":8},"end":{"line":111,"column":53}}],"line":109},"10":{"loc":{"start":{"line":126,"column":4},"end":{"line":128,"column":5}},"type":"if","locations":[{"start":{"line":126,"column":4},"end":{"line":128,"column":5}},{"start":{},"end":{}}],"line":126},"11":{"loc":{"start":{"line":126,"column":8},"end":{"line":126,"column":27}},"type":"binary-expr","locations":[{"start":{"line":126,"column":8},"end":{"line":126,"column":13}},{"start":{"line":126,"column":17},"end":{"line":126,"column":27}}],"line":126},"12":{"loc":{"start":{"line":127,"column":12},"end":{"line":127,"column":58}},"type":"binary-expr","locations":[{"start":{"line":127,"column":12},"end":{"line":127,"column":17}},{"start":{"line":127,"column":21},"end":{"line":127,"column":58}}],"line":127},"13":{"loc":{"start":{"line":147,"column":4},"end":{"line":149,"column":5}},"type":"if","locations":[{"start":{"line":147,"column":4},"end":{"line":149,"column":5}},{"start":{},"end":{}}],"line":147},"14":{"loc":{"start":{"line":154,"column":12},"end":{"line":154,"column":25}},"type":"binary-expr","locations":[{"start":{"line":154,"column":12},"end":{"line":154,"column":19}},{"start":{"line":154,"column":23},"end":{"line":154,"column":25}}],"line":154},"15":{"loc":{"start":{"line":157,"column":4},"end":{"line":184,"column":5}},"type":"if","locations":[{"start":{"line":157,"column":4},"end":{"line":184,"column":5}},{"start":{},"end":{}}],"line":157},"16":{"loc":{"start":{"line":158,"column":27},"end":{"line":158,"column":54}},"type":"binary-expr","locations":[{"start":{"line":158,"column":27},"end":{"line":158,"column":31}},{"start":{"line":158,"column":35},"end":{"line":158,"column":54}}],"line":158},"17":{"loc":{"start":{"line":160,"column":23},"end":{"line":162,"column":22}},"type":"cond-expr","locations":[{"start":{"line":161,"column":10},"end":{"line":161,"column":61}},{"start":{"line":162,"column":10},"end":{"line":162,"column":22}}],"line":160},"18":{"loc":{"start":{"line":178,"column":6},"end":{"line":181,"column":7}},"type":"if","locations":[{"start":{"line":178,"column":6},"end":{"line":181,"column":7}},{"start":{},"end":{}}],"line":178},"19":{"loc":{"start":{"line":202,"column":2},"end":{"line":204,"column":3}},"type":"if","locations":[{"start":{"line":202,"column":2},"end":{"line":204,"column":3}},{"start":{},"end":{}}],"line":202}},"s":{"0":1,"1":1,"2":1,"3":1,"4":1,"5":1,"6":1,"7":1,"8":1,"9":1,"10":1,"11":1,"12":1,"13":1,"14":1,"15":0,"16":1,"17":5,"18":5,"19":1,"20":4,"21":4,"22":4,"23":4,"24":1,"25":3,"26":1,"27":2,"28":2,"29":0,"30":2,"31":1,"32":1,"33":1,"34":1,"35":0,"36":1,"37":1,"38":1,"39":3,"40":3,"41":1,"42":3,"43":3,"44":3,"45":3,"46":3,"47":3,"48":3,"49":1,"50":2,"51":1,"52":1,"53":1,"54":5,"55":5,"56":5,"57":1,"58":4,"59":3,"60":1,"61":3,"62":2,"63":2,"64":0,"65":2,"66":2,"67":2,"68":1,"69":1,"70":1,"71":2,"72":2,"73":1,"74":1,"75":1,"76":2,"77":2,"78":1,"79":2,"80":2,"81":1},"f":{"0":1,"1":1,"2":0,"3":5,"4":3,"5":5,"6":1,"7":0,"8":2,"9":2},"b":{"0":[1,4],"1":[5,5],"2":[1,3],"3":[1,2],"4":[0,2],"5":[1,1],"6":[0,1],"7":[0,3],"8":[3,0],"9":[2,1],"10":[1,2],"11":[3,2],"12":[1,0],"13":[1,4],"14":[1,0],"15":[2,1],"16":[2,0],"17":[0,2],"18":[1,1],"19":[1,1]},"_coverageSchema":"1a1c01bbd47fc00a2c39e90264f33305004495a9","hash":"cd2fb5d60d8db6bc237f0d4b3f0171cd814bfc29"}
,"D:\\Github\\4kon\\routes\\categories.js": {"path":"D:\\Github\\4kon\\routes\\categories.js","statementMap":{"0":{"start":{"line":1,"column":16},"end":{"line":1,"column":34}},"1":{"start":{"line":2,"column":15},"end":{"line":2,"column":31}},"2":{"start":{"line":3,"column":23},"end":{"line":3,"column":38}},"3":{"start":{"line":4,"column":25},"end":{"line":4,"column":54}},"4":{"start":{"line":5,"column":17},"end":{"line":5,"column":45}},"5":{"start":{"line":8,"column":20},"end":{"line":10,"column":10}},"6":{"start":{"line":11,"column":2},"end":{"line":11,"column":56}},"7":{"start":{"line":15,"column":2},"end":{"line":15,"column":35}},"8":{"start":{"line":19,"column":17},"end":{"line":19,"column":62}},"9":{"start":{"line":20,"column":2},"end":{"line":20,"column":76}},"10":{"start":{"line":24,"column":15},"end":{"line":24,"column":38}},"11":{"start":{"line":25,"column":17},"end":{"line":25,"column":47}},"12":{"start":{"line":26,"column":2},"end":{"line":26,"column":78}},"13":{"start":{"line":30,"column":15},"end":{"line":33,"column":20}},"14":{"start":{"line":32,"column":14},"end":{"line":32,"column":22}},"15":{"start":{"line":34,"column":2},"end":{"line":34,"column":55}},"16":{"start":{"line":34,"column":26},"end":{"line":34,"column":43}},"17":{"start":{"line":37,"column":0},"end":{"line":80,"column":3}},"18":{"start":{"line":38,"column":19},"end":{"line":38,"column":35}},"19":{"start":{"line":39,"column":15},"end":{"line":39,"column":43}},"20":{"start":{"line":41,"column":2},"end":{"line":46,"column":3}},"21":{"start":{"line":42,"column":4},"end":{"line":44,"column":5}},"22":{"start":{"line":43,"column":6},"end":{"line":43,"column":71}},"23":{"start":{"line":45,"column":4},"end":{"line":45,"column":34}},"24":{"start":{"line":48,"column":14},"end":{"line":48,"column":53}},"25":{"start":{"line":49,"column":2},"end":{"line":51,"column":3}},"26":{"start":{"line":50,"column":4},"end":{"line":50,"column":55}},"27":{"start":{"line":53,"column":31},"end":{"line":53,"column":42}},"28":{"start":{"line":54,"column":17},"end":{"line":54,"column":62}},"29":{"start":{"line":54,"column":46},"end":{"line":54,"column":61}},"30":{"start":{"line":55,"column":22},"end":{"line":55,"column":36}},"31":{"start":{"line":57,"column":2},"end":{"line":69,"column":3}},"32":{"start":{"line":58,"column":20},"end":{"line":61,"column":5}},"33":{"start":{"line":63,"column":4},"end":{"line":65,"column":5}},"34":{"start":{"line":64,"column":6},"end":{"line":64,"column":46}},"35":{"start":{"line":67,"column":4},"end":{"line":67,"column":56}},"36":{"start":{"line":68,"column":4},"end":{"line":68,"column":28}},"37":{"start":{"line":71,"column":2},"end":{"line":77,"column":3}},"38":{"start":{"line":72,"column":4},"end":{"line":76,"column":7}},"39":{"start":{"line":79,"column":2},"end":{"line":79,"column":25}},"40":{"start":{"line":83,"column":0},"end":{"line":161,"column":3}},"41":{"start":{"line":84,"column":19},"end":{"line":84,"column":35}},"42":{"start":{"line":85,"column":15},"end":{"line":85,"column":61}},"43":{"start":{"line":87,"column":2},"end":{"line":92,"column":3}},"44":{"start":{"line":88,"column":4},"end":{"line":90,"column":5}},"45":{"start":{"line":89,"column":6},"end":{"line":89,"column":81}},"46":{"start":{"line":91,"column":4},"end":{"line":91,"column":67}},"47":{"start":{"line":95,"column":42},"end":{"line":98,"column":41}},"48":{"start":{"line":100,"column":27},"end":{"line":103,"column":4}},"49":{"start":{"line":101,"column":17},"end":{"line":101,"column":87}},"50":{"start":{"line":101,"column":62},"end":{"line":101,"column":70}},"51":{"start":{"line":102,"column":4},"end":{"line":102,"column":52}},"52":{"start":{"line":105,"column":2},"end":{"line":115,"column":3}},"53":{"start":{"line":106,"column":20},"end":{"line":106,"column":56}},"54":{"start":{"line":107,"column":4},"end":{"line":113,"column":5}},"55":{"start":{"line":108,"column":6},"end":{"line":112,"column":9}},"56":{"start":{"line":114,"column":4},"end":{"line":114,"column":53}},"57":{"start":{"line":118,"column":2},"end":{"line":129,"column":3}},"58":{"start":{"line":119,"column":4},"end":{"line":123,"column":24}},"59":{"start":{"line":125,"column":4},"end":{"line":128,"column":24}},"60":{"start":{"line":132,"column":22},"end":{"line":134,"column":27}},"61":{"start":{"line":137,"column":2},"end":{"line":137,"column":69}},"62":{"start":{"line":139,"column":32},"end":{"line":139,"column":51}},"63":{"start":{"line":141,"column":2},"end":{"line":154,"column":3}},"64":{"start":{"line":142,"column":21},"end":{"line":145,"column":6}},"65":{"start":{"line":143,"column":19},"end":{"line":143,"column":89}},"66":{"start":{"line":143,"column":64},"end":{"line":143,"column":72}},"67":{"start":{"line":144,"column":6},"end":{"line":144,"column":33}},"68":{"start":{"line":147,"column":4},"end":{"line":153,"column":5}},"69":{"start":{"line":148,"column":22},"end":{"line":148,"column":48}},"70":{"start":{"line":149,"column":6},"end":{"line":152,"column":24}},"71":{"start":{"line":156,"column":2},"end":{"line":158,"column":3}},"72":{"start":{"line":157,"column":4},"end":{"line":157,"column":53}},"73":{"start":{"line":160,"column":2},"end":{"line":160,"column":32}},"74":{"start":{"line":163,"column":0},"end":{"line":247,"column":3}},"75":{"start":{"line":164,"column":19},"end":{"line":164,"column":35}},"76":{"start":{"line":165,"column":21},"end":{"line":165,"column":34}},"77":{"start":{"line":167,"column":14},"end":{"line":170,"column":25}},"78":{"start":{"line":172,"column":2},"end":{"line":174,"column":3}},"79":{"start":{"line":173,"column":4},"end":{"line":173,"column":55}},"80":{"start":{"line":176,"column":29},"end":{"line":176,"column":49}},"81":{"start":{"line":178,"column":2},"end":{"line":183,"column":3}},"82":{"start":{"line":179,"column":4},"end":{"line":181,"column":5}},"83":{"start":{"line":180,"column":6},"end":{"line":180,"column":78}},"84":{"start":{"line":182,"column":4},"end":{"line":182,"column":61}},"85":{"start":{"line":186,"column":42},"end":{"line":189,"column":41}},"86":{"start":{"line":191,"column":27},"end":{"line":194,"column":4}},"87":{"start":{"line":192,"column":17},"end":{"line":192,"column":87}},"88":{"start":{"line":192,"column":62},"end":{"line":192,"column":70}},"89":{"start":{"line":193,"column":4},"end":{"line":193,"column":61}},"90":{"start":{"line":196,"column":2},"end":{"line":206,"column":3}},"91":{"start":{"line":197,"column":20},"end":{"line":197,"column":56}},"92":{"start":{"line":198,"column":4},"end":{"line":204,"column":5}},"93":{"start":{"line":199,"column":6},"end":{"line":203,"column":9}},"94":{"start":{"line":205,"column":4},"end":{"line":205,"column":53}},"95":{"start":{"line":208,"column":2},"end":{"line":211,"column":26}},"96":{"start":{"line":214,"column":22},"end":{"line":214,"column":35}},"97":{"start":{"line":216,"column":22},"end":{"line":218,"column":27}},"98":{"start":{"line":220,"column":2},"end":{"line":222,"column":3}},"99":{"start":{"line":221,"column":4},"end":{"line":221,"column":71}},"100":{"start":{"line":224,"column":32},"end":{"line":224,"column":51}},"101":{"start":{"line":226,"column":2},"end":{"line":240,"column":3}},"102":{"start":{"line":227,"column":21},"end":{"line":230,"column":6}},"103":{"start":{"line":228,"column":19},"end":{"line":228,"column":89}},"104":{"start":{"line":228,"column":64},"end":{"line":228,"column":72}},"105":{"start":{"line":229,"column":6},"end":{"line":229,"column":40}},"106":{"start":{"line":232,"column":4},"end":{"line":239,"column":5}},"107":{"start":{"line":233,"column":22},"end":{"line":233,"column":55}},"108":{"start":{"line":235,"column":6},"end":{"line":238,"column":24}},"109":{"start":{"line":242,"column":2},"end":{"line":244,"column":3}},"110":{"start":{"line":243,"column":4},"end":{"line":243,"column":70}},"111":{"start":{"line":246,"column":2},"end":{"line":246,"column":25}},"112":{"start":{"line":249,"column":0},"end":{"line":249,"column":24}}},"fnMap":{"0":{"name":"getReturnTo","decl":{"start":{"line":7,"column":9},"end":{"line":7,"column":20}},"loc":{"start":{"line":7,"column":26},"end":{"line":12,"column":1}},"line":7},"1":{"name":"normalizeName","decl":{"start":{"line":14,"column":9},"end":{"line":14,"column":22}},"loc":{"start":{"line":14,"column":29},"end":{"line":16,"column":1}},"line":14},"2":{"name":"wantsJson","decl":{"start":{"line":18,"column":9},"end":{"line":18,"column":18}},"loc":{"start":{"line":18,"column":24},"end":{"line":21,"column":1}},"line":18},"3":{"name":"redirectWithError","decl":{"start":{"line":23,"column":9},"end":{"line":23,"column":26}},"loc":{"start":{"line":23,"column":51},"end":{"line":27,"column":1}},"line":23},"4":{"name":"stripTag","decl":{"start":{"line":29,"column":9},"end":{"line":29,"column":17}},"loc":{"start":{"line":29,"column":36},"end":{"line":35,"column":1}},"line":29},"5":{"name":"(anonymous_5)","decl":{"start":{"line":32,"column":9},"end":{"line":32,"column":10}},"loc":{"start":{"line":32,"column":14},"end":{"line":32,"column":22}},"line":32},"6":{"name":"(anonymous_6)","decl":{"start":{"line":34,"column":21},"end":{"line":34,"column":22}},"loc":{"start":{"line":34,"column":26},"end":{"line":34,"column":43}},"line":34},"7":{"name":"(anonymous_7)","decl":{"start":{"line":37,"column":34},"end":{"line":37,"column":35}},"loc":{"start":{"line":37,"column":54},"end":{"line":80,"column":1}},"line":37},"8":{"name":"(anonymous_8)","decl":{"start":{"line":54,"column":41},"end":{"line":54,"column":42}},"loc":{"start":{"line":54,"column":46},"end":{"line":54,"column":61}},"line":54},"9":{"name":"(anonymous_9)","decl":{"start":{"line":83,"column":42},"end":{"line":83,"column":43}},"loc":{"start":{"line":83,"column":62},"end":{"line":161,"column":1}},"line":83},"10":{"name":"(anonymous_10)","decl":{"start":{"line":100,"column":64},"end":{"line":100,"column":65}},"loc":{"start":{"line":100,"column":71},"end":{"line":103,"column":3}},"line":100},"11":{"name":"(anonymous_11)","decl":{"start":{"line":101,"column":57},"end":{"line":101,"column":58}},"loc":{"start":{"line":101,"column":62},"end":{"line":101,"column":70}},"line":101},"12":{"name":"(anonymous_12)","decl":{"start":{"line":142,"column":40},"end":{"line":142,"column":41}},"loc":{"start":{"line":142,"column":45},"end":{"line":145,"column":5}},"line":142},"13":{"name":"(anonymous_13)","decl":{"start":{"line":143,"column":59},"end":{"line":143,"column":60}},"loc":{"start":{"line":143,"column":64},"end":{"line":143,"column":72}},"line":143},"14":{"name":"(anonymous_14)","decl":{"start":{"line":163,"column":41},"end":{"line":163,"column":42}},"loc":{"start":{"line":163,"column":61},"end":{"line":247,"column":1}},"line":163},"15":{"name":"(anonymous_15)","decl":{"start":{"line":191,"column":64},"end":{"line":191,"column":65}},"loc":{"start":{"line":191,"column":71},"end":{"line":194,"column":3}},"line":191},"16":{"name":"(anonymous_16)","decl":{"start":{"line":192,"column":57},"end":{"line":192,"column":58}},"loc":{"start":{"line":192,"column":62},"end":{"line":192,"column":70}},"line":192},"17":{"name":"(anonymous_17)","decl":{"start":{"line":227,"column":40},"end":{"line":227,"column":41}},"loc":{"start":{"line":227,"column":45},"end":{"line":230,"column":5}},"line":227},"18":{"name":"(anonymous_18)","decl":{"start":{"line":228,"column":59},"end":{"line":228,"column":60}},"loc":{"start":{"line":228,"column":64},"end":{"line":228,"column":72}},"line":228}},"branchMap":{"0":{"loc":{"start":{"line":8,"column":20},"end":{"line":10,"column":10}},"type":"cond-expr","locations":[{"start":{"line":9,"column":6},"end":{"line":9,"column":20}},{"start":{"line":10,"column":6},"end":{"line":10,"column":10}}],"line":8},"1":{"loc":{"start":{"line":8,"column":20},"end":{"line":8,"column":88}},"type":"binary-expr","locations":[{"start":{"line":8,"column":20},"end":{"line":8,"column":54}},{"start":{"line":8,"column":58},"end":{"line":8,"column":88}}],"line":8},"2":{"loc":{"start":{"line":11,"column":9},"end":{"line":11,"column":55}},"type":"binary-expr","locations":[{"start":{"line":11,"column":9},"end":{"line":11,"column":18}},{"start":{"line":11,"column":22},"end":{"line":11,"column":40}},{"start":{"line":11,"column":44},"end":{"line":11,"column":55}}],"line":11},"3":{"loc":{"start":{"line":15,"column":16},"end":{"line":15,"column":26}},"type":"binary-expr","locations":[{"start":{"line":15,"column":16},"end":{"line":15,"column":20}},{"start":{"line":15,"column":24},"end":{"line":15,"column":26}}],"line":15},"4":{"loc":{"start":{"line":19,"column":24},"end":{"line":19,"column":47}},"type":"binary-expr","locations":[{"start":{"line":19,"column":24},"end":{"line":19,"column":41}},{"start":{"line":19,"column":45},"end":{"line":19,"column":47}}],"line":19},"5":{"loc":{"start":{"line":20,"column":9},"end":{"line":20,"column":75}},"type":"binary-expr","locations":[{"start":{"line":20,"column":9},"end":{"line":20,"column":36}},{"start":{"line":20,"column":40},"end":{"line":20,"column":75}}],"line":20},"6":{"loc":{"start":{"line":24,"column":15},"end":{"line":24,"column":38}},"type":"binary-expr","locations":[{"start":{"line":24,"column":15},"end":{"line":24,"column":23}},{"start":{"line":24,"column":27},"end":{"line":24,"column":38}}],"line":24},"7":{"loc":{"start":{"line":25,"column":17},"end":{"line":25,"column":47}},"type":"cond-expr","locations":[{"start":{"line":25,"column":38},"end":{"line":25,"column":41}},{"start":{"line":25,"column":44},"end":{"line":25,"column":47}}],"line":25},"8":{"loc":{"start":{"line":30,"column":22},"end":{"line":30,"column":31}},"type":"binary-expr","locations":[{"start":{"line":30,"column":22},"end":{"line":30,"column":25}},{"start":{"line":30,"column":29},"end":{"line":30,"column":31}}],"line":30},"9":{"loc":{"start":{"line":41,"column":2},"end":{"line":46,"column":3}},"type":"if","locations":[{"start":{"line":41,"column":2},"end":{"line":46,"column":3}},{"start":{},"end":{}}],"line":41},"10":{"loc":{"start":{"line":42,"column":4},"end":{"line":44,"column":5}},"type":"if","locations":[{"start":{"line":42,"column":4},"end":{"line":44,"column":5}},{"start":{},"end":{}}],"line":42},"11":{"loc":{"start":{"line":49,"column":2},"end":{"line":51,"column":3}},"type":"if","locations":[{"start":{"line":49,"column":2},"end":{"line":51,"column":3}},{"start":{},"end":{}}],"line":49},"12":{"loc":{"start":{"line":54,"column":18},"end":{"line":54,"column":34}},"type":"binary-expr","locations":[{"start":{"line":54,"column":18},"end":{"line":54,"column":28}},{"start":{"line":54,"column":32},"end":{"line":54,"column":34}}],"line":54},"13":{"loc":{"start":{"line":55,"column":22},"end":{"line":55,"column":36}},"type":"binary-expr","locations":[{"start":{"line":55,"column":22},"end":{"line":55,"column":28}},{"start":{"line":55,"column":32},"end":{"line":55,"column":36}}],"line":55},"14":{"loc":{"start":{"line":57,"column":2},"end":{"line":69,"column":3}},"type":"if","locations":[{"start":{"line":57,"column":2},"end":{"line":69,"column":3}},{"start":{},"end":{}}],"line":57},"15":{"loc":{"start":{"line":63,"column":4},"end":{"line":65,"column":5}},"type":"if","locations":[{"start":{"line":63,"column":4},"end":{"line":65,"column":5}},{"start":{},"end":{}}],"line":63},"16":{"loc":{"start":{"line":71,"column":2},"end":{"line":77,"column":3}},"type":"if","locations":[{"start":{"line":71,"column":2},"end":{"line":77,"column":3}},{"start":{},"end":{}}],"line":71},"17":{"loc":{"start":{"line":85,"column":29},"end":{"line":85,"column":60}},"type":"binary-expr","locations":[{"start":{"line":85,"column":29},"end":{"line":85,"column":42}},{"start":{"line":85,"column":46},"end":{"line":85,"column":60}}],"line":85},"18":{"loc":{"start":{"line":87,"column":2},"end":{"line":92,"column":3}},"type":"if","locations":[{"start":{"line":87,"column":2},"end":{"line":92,"column":3}},{"start":{},"end":{}}],"line":87},"19":{"loc":{"start":{"line":87,"column":6},"end":{"line":87,"column":81}},"type":"binary-expr","locations":[{"start":{"line":87,"column":6},"end":{"line":87,"column":11}},{"start":{"line":87,"column":15},"end":{"line":87,"column":43}},{"start":{"line":87,"column":47},"end":{"line":87,"column":81}}],"line":87},"20":{"loc":{"start":{"line":88,"column":4},"end":{"line":90,"column":5}},"type":"if","locations":[{"start":{"line":88,"column":4},"end":{"line":90,"column":5}},{"start":{},"end":{}}],"line":88},"21":{"loc":{"start":{"line":100,"column":28},"end":{"line":100,"column":55}},"type":"binary-expr","locations":[{"start":{"line":100,"column":28},"end":{"line":100,"column":49}},{"start":{"line":100,"column":53},"end":{"line":100,"column":55}}],"line":100},"22":{"loc":{"start":{"line":101,"column":24},"end":{"line":101,"column":40}},"type":"binary-expr","locations":[{"start":{"line":101,"column":24},"end":{"line":101,"column":34}},{"start":{"line":101,"column":38},"end":{"line":101,"column":40}}],"line":101},"23":{"loc":{"start":{"line":102,"column":11},"end":{"line":102,"column":51}},"type":"binary-expr","locations":[{"start":{"line":102,"column":11},"end":{"line":102,"column":30}},{"start":{"line":102,"column":34},"end":{"line":102,"column":51}}],"line":102},"24":{"loc":{"start":{"line":105,"column":2},"end":{"line":115,"column":3}},"type":"if","locations":[{"start":{"line":105,"column":2},"end":{"line":115,"column":3}},{"start":{},"end":{}}],"line":105},"25":{"loc":{"start":{"line":107,"column":4},"end":{"line":113,"column":5}},"type":"if","locations":[{"start":{"line":107,"column":4},"end":{"line":113,"column":5}},{"start":{},"end":{}}],"line":107},"26":{"loc":{"start":{"line":118,"column":2},"end":{"line":129,"column":3}},"type":"if","locations":[{"start":{"line":118,"column":2},"end":{"line":129,"column":3}},{"start":{"line":124,"column":9},"end":{"line":129,"column":3}}],"line":118},"27":{"loc":{"start":{"line":141,"column":2},"end":{"line":154,"column":3}},"type":"if","locations":[{"start":{"line":141,"column":2},"end":{"line":154,"column":3}},{"start":{},"end":{}}],"line":141},"28":{"loc":{"start":{"line":141,"column":6},"end":{"line":141,"column":43}},"type":"binary-expr","locations":[{"start":{"line":141,"column":6},"end":{"line":141,"column":17}},{"start":{"line":141,"column":21},"end":{"line":141,"column":43}}],"line":141},"29":{"loc":{"start":{"line":143,"column":26},"end":{"line":143,"column":42}},"type":"binary-expr","locations":[{"start":{"line":143,"column":26},"end":{"line":143,"column":36}},{"start":{"line":143,"column":40},"end":{"line":143,"column":42}}],"line":143},"30":{"loc":{"start":{"line":156,"column":2},"end":{"line":158,"column":3}},"type":"if","locations":[{"start":{"line":156,"column":2},"end":{"line":158,"column":3}},{"start":{},"end":{}}],"line":156},"31":{"loc":{"start":{"line":172,"column":2},"end":{"line":174,"column":3}},"type":"if","locations":[{"start":{"line":172,"column":2},"end":{"line":174,"column":3}},{"start":{},"end":{}}],"line":172},"32":{"loc":{"start":{"line":178,"column":2},"end":{"line":183,"column":3}},"type":"if","locations":[{"start":{"line":178,"column":2},"end":{"line":183,"column":3}},{"start":{},"end":{}}],"line":178},"33":{"loc":{"start":{"line":179,"column":4},"end":{"line":181,"column":5}},"type":"if","locations":[{"start":{"line":179,"column":4},"end":{"line":181,"column":5}},{"start":{},"end":{}}],"line":179},"34":{"loc":{"start":{"line":191,"column":28},"end":{"line":191,"column":55}},"type":"binary-expr","locations":[{"start":{"line":191,"column":28},"end":{"line":191,"column":49}},{"start":{"line":191,"column":53},"end":{"line":191,"column":55}}],"line":191},"35":{"loc":{"start":{"line":192,"column":24},"end":{"line":192,"column":40}},"type":"binary-expr","locations":[{"start":{"line":192,"column":24},"end":{"line":192,"column":34}},{"start":{"line":192,"column":38},"end":{"line":192,"column":40}}],"line":192},"36":{"loc":{"start":{"line":193,"column":11},"end":{"line":193,"column":60}},"type":"binary-expr","locations":[{"start":{"line":193,"column":11},"end":{"line":193,"column":39}},{"start":{"line":193,"column":43},"end":{"line":193,"column":60}}],"line":193},"37":{"loc":{"start":{"line":196,"column":2},"end":{"line":206,"column":3}},"type":"if","locations":[{"start":{"line":196,"column":2},"end":{"line":206,"column":3}},{"start":{},"end":{}}],"line":196},"38":{"loc":{"start":{"line":198,"column":4},"end":{"line":204,"column":5}},"type":"if","locations":[{"start":{"line":198,"column":4},"end":{"line":204,"column":5}},{"start":{},"end":{}}],"line":198},"39":{"loc":{"start":{"line":220,"column":2},"end":{"line":222,"column":3}},"type":"if","locations":[{"start":{"line":220,"column":2},"end":{"line":222,"column":3}},{"start":{},"end":{}}],"line":220},"40":{"loc":{"start":{"line":226,"column":2},"end":{"line":240,"column":3}},"type":"if","locations":[{"start":{"line":226,"column":2},"end":{"line":240,"column":3}},{"start":{},"end":{}}],"line":226},"41":{"loc":{"start":{"line":226,"column":6},"end":{"line":226,"column":43}},"type":"binary-expr","locations":[{"start":{"line":226,"column":6},"end":{"line":226,"column":17}},{"start":{"line":226,"column":21},"end":{"line":226,"column":43}}],"line":226},"42":{"loc":{"start":{"line":228,"column":26},"end":{"line":228,"column":42}},"type":"binary-expr","locations":[{"start":{"line":228,"column":26},"end":{"line":228,"column":36}},{"start":{"line":228,"column":40},"end":{"line":228,"column":42}}],"line":228},"43":{"loc":{"start":{"line":242,"column":2},"end":{"line":244,"column":3}},"type":"if","locations":[{"start":{"line":242,"column":2},"end":{"line":244,"column":3}},{"start":{},"end":{}}],"line":242}},"s":{"0":1,"1":1,"2":1,"3":1,"4":1,"5":19,"6":19,"7":12,"8":19,"9":19,"10":4,"11":4,"12":4,"13":6,"14":12,"15":6,"16":12,"17":1,"18":5,"19":5,"20":5,"21":2,"22":1,"23":1,"24":3,"25":3,"26":3,"27":3,"28":3,"29":3,"30":3,"31":3,"32":2,"33":2,"34":2,"35":2,"36":2,"37":3,"38":2,"39":1,"40":1,"41":7,"42":7,"43":7,"44":2,"45":1,"46":1,"47":5,"48":5,"49":8,"50":11,"51":8,"52":5,"53":2,"54":2,"55":1,"56":1,"57":3,"58":2,"59":1,"60":3,"61":3,"62":3,"63":3,"64":3,"65":6,"66":9,"67":6,"68":3,"69":3,"70":3,"71":3,"72":2,"73":1,"74":1,"75":7,"76":7,"77":7,"78":7,"79":6,"80":7,"81":7,"82":2,"83":1,"84":1,"85":5,"86":5,"87":8,"88":11,"89":8,"90":5,"91":2,"92":2,"93":1,"94":1,"95":3,"96":3,"97":3,"98":3,"99":2,"100":3,"101":3,"102":3,"103":6,"104":9,"105":6,"106":3,"107":3,"108":3,"109":3,"110":2,"111":1,"112":1},"f":{"0":19,"1":12,"2":19,"3":4,"4":6,"5":12,"6":12,"7":5,"8":3,"9":7,"10":8,"11":11,"12":6,"13":9,"14":7,"15":8,"16":11,"17":6,"18":9},"b":{"0":[19,0],"1":[19,19],"2":[19,0,0],"3":[12,2],"4":[19,8],"5":[19,8],"6":[4,0],"7":[0,4],"8":[6,0],"9":[2,3],"10":[1,1],"11":[3,0],"12":[3,0],"13":[3,2],"14":[2,1],"15":[2,0],"16":[2,1],"17":[7,0],"18":[2,5],"19":[7,7,6],"20":[1,1],"21":[5,0],"22":[8,0],"23":[8,5],"24":[2,3],"25":[1,1],"26":[2,1],"27":[3,0],"28":[3,3],"29":[6,0],"30":[2,1],"31":[6,1],"32":[2,5],"33":[1,1],"34":[5,0],"35":[8,0],"36":[8,5],"37":[2,3],"38":[1,1],"39":[2,1],"40":[3,0],"41":[3,3],"42":[6,0],"43":[2,1]},"_coverageSchema":"1a1c01bbd47fc00a2c39e90264f33305004495a9","hash":"702f53b7017871f6745dafe3ceaac7c2f45f0028"}
,"D:\\Github\\4kon\\routes\\pages.js": {"path":"D:\\Github\\4kon\\routes\\pages.js","statementMap":{"0":{"start":{"line":1,"column":16},"end":{"line":1,"column":34}},"1":{"start":{"line":2,"column":15},"end":{"line":2,"column":31}},"2":{"start":{"line":3,"column":17},"end":{"line":3,"column":45}},"3":{"start":{"line":4,"column":25},"end":{"line":4,"column":54}},"4":{"start":{"line":7,"column":2},"end":{"line":12,"column":5}},"5":{"start":{"line":9,"column":26},"end":{"line":9,"column":67}},"6":{"start":{"line":10,"column":19},"end":{"line":10,"column":30}},"7":{"start":{"line":16,"column":19},"end":{"line":16,"column":40}},"8":{"start":{"line":17,"column":24},"end":{"line":17,"column":72}},"9":{"start":{"line":17,"column":57},"end":{"line":17,"column":70}},"10":{"start":{"line":18,"column":18},"end":{"line":24,"column":7}},"11":{"start":{"line":19,"column":20},"end":{"line":19,"column":44}},"12":{"start":{"line":20,"column":27},"end":{"line":24,"column":5}},"13":{"start":{"line":26,"column":2},"end":{"line":26,"column":86}},"14":{"start":{"line":26,"column":50},"end":{"line":26,"column":84}},"15":{"start":{"line":30,"column":0},"end":{"line":63,"column":3}},"16":{"start":{"line":33,"column":2},"end":{"line":39,"column":3}},"17":{"start":{"line":34,"column":4},"end":{"line":38,"column":7}},"18":{"start":{"line":41,"column":36},"end":{"line":44,"column":41}},"19":{"start":{"line":46,"column":2},"end":{"line":48,"column":3}},"20":{"start":{"line":47,"column":4},"end":{"line":47,"column":25}},"21":{"start":{"line":50,"column":23},"end":{"line":50,"column":37}},"22":{"start":{"line":52,"column":21},"end":{"line":52,"column":83}},"23":{"start":{"line":52,"column":53},"end":{"line":52,"column":79}},"24":{"start":{"line":53,"column":21},"end":{"line":53,"column":63}},"25":{"start":{"line":53,"column":46},"end":{"line":53,"column":55}},"26":{"start":{"line":55,"column":2},"end":{"line":62,"column":5}},"27":{"start":{"line":67,"column":0},"end":{"line":155,"column":3}},"28":{"start":{"line":68,"column":2},"end":{"line":154,"column":3}},"29":{"start":{"line":69,"column":69},"end":{"line":69,"column":78}},"30":{"start":{"line":72,"column":38},"end":{"line":75,"column":43}},"31":{"start":{"line":77,"column":23},"end":{"line":80,"column":43}},"32":{"start":{"line":84,"column":4},"end":{"line":86,"column":5}},"33":{"start":{"line":85,"column":6},"end":{"line":85,"column":59}},"34":{"start":{"line":88,"column":38},"end":{"line":88,"column":56}},"35":{"start":{"line":90,"column":4},"end":{"line":92,"column":5}},"36":{"start":{"line":91,"column":6},"end":{"line":91,"column":27}},"37":{"start":{"line":94,"column":27},"end":{"line":96,"column":5}},"38":{"start":{"line":95,"column":11},"end":{"line":95,"column":46}},"39":{"start":{"line":98,"column":4},"end":{"line":107,"column":5}},"40":{"start":{"line":99,"column":23},"end":{"line":99,"column":46}},"41":{"start":{"line":100,"column":6},"end":{"line":106,"column":9}},"42":{"start":{"line":101,"column":21},"end":{"line":104,"column":26}},"43":{"start":{"line":103,"column":25},"end":{"line":103,"column":36}},"44":{"start":{"line":105,"column":8},"end":{"line":105,"column":39}},"45":{"start":{"line":109,"column":16},"end":{"line":109,"column":32}},"46":{"start":{"line":110,"column":16},"end":{"line":110,"column":32}},"47":{"start":{"line":112,"column":4},"end":{"line":114,"column":5}},"48":{"start":{"line":113,"column":6},"end":{"line":113,"column":83}},"49":{"start":{"line":113,"column":54},"end":{"line":113,"column":81}},"50":{"start":{"line":116,"column":4},"end":{"line":118,"column":5}},"51":{"start":{"line":117,"column":6},"end":{"line":117,"column":83}},"52":{"start":{"line":117,"column":54},"end":{"line":117,"column":81}},"53":{"start":{"line":121,"column":4},"end":{"line":127,"column":5}},"54":{"start":{"line":122,"column":16},"end":{"line":122,"column":36}},"55":{"start":{"line":123,"column":6},"end":{"line":126,"column":8}},"56":{"start":{"line":124,"column":8},"end":{"line":125,"column":55}},"57":{"start":{"line":130,"column":4},"end":{"line":130,"column":81}},"58":{"start":{"line":130,"column":30},"end":{"line":130,"column":81}},"59":{"start":{"line":130,"column":62},"end":{"line":130,"column":79}},"60":{"start":{"line":131,"column":4},"end":{"line":131,"column":82}},"61":{"start":{"line":131,"column":31},"end":{"line":131,"column":82}},"62":{"start":{"line":131,"column":63},"end":{"line":131,"column":80}},"63":{"start":{"line":132,"column":4},"end":{"line":132,"column":97}},"64":{"start":{"line":132,"column":29},"end":{"line":132,"column":97}},"65":{"start":{"line":132,"column":61},"end":{"line":132,"column":95}},"66":{"start":{"line":134,"column":26},"end":{"line":136,"column":18}},"67":{"start":{"line":138,"column":4},"end":{"line":140,"column":5}},"68":{"start":{"line":139,"column":6},"end":{"line":139,"column":77}},"69":{"start":{"line":142,"column":33},"end":{"line":142,"column":54}},"70":{"start":{"line":143,"column":29},"end":{"line":143,"column":100}},"71":{"start":{"line":145,"column":4},"end":{"line":149,"column":7}},"72":{"start":{"line":152,"column":4},"end":{"line":152,"column":23}},"73":{"start":{"line":153,"column":4},"end":{"line":153,"column":41}},"74":{"start":{"line":160,"column":0},"end":{"line":173,"column":3}},"75":{"start":{"line":161,"column":35},"end":{"line":166,"column":13}},"76":{"start":{"line":168,"column":2},"end":{"line":170,"column":3}},"77":{"start":{"line":169,"column":4},"end":{"line":169,"column":74}},"78":{"start":{"line":172,"column":2},"end":{"line":172,"column":44}},"79":{"start":{"line":177,"column":0},"end":{"line":201,"column":3}},"80":{"start":{"line":178,"column":28},"end":{"line":182,"column":13}},"81":{"start":{"line":184,"column":2},"end":{"line":198,"column":3}},"82":{"start":{"line":185,"column":22},"end":{"line":193,"column":6}},"83":{"start":{"line":195,"column":4},"end":{"line":197,"column":5}},"84":{"start":{"line":196,"column":6},"end":{"line":196,"column":41}},"85":{"start":{"line":200,"column":2},"end":{"line":200,"column":61}},"86":{"start":{"line":205,"column":0},"end":{"line":207,"column":3}},"87":{"start":{"line":206,"column":2},"end":{"line":206,"column":22}},"88":{"start":{"line":209,"column":0},"end":{"line":212,"column":3}},"89":{"start":{"line":210,"column":2},"end":{"line":210,"column":49}},"90":{"start":{"line":210,"column":24},"end":{"line":210,"column":49}},"91":{"start":{"line":211,"column":2},"end":{"line":211,"column":76}},"92":{"start":{"line":214,"column":0},"end":{"line":217,"column":3}},"93":{"start":{"line":215,"column":2},"end":{"line":215,"column":72}},"94":{"start":{"line":215,"column":42},"end":{"line":215,"column":72}},"95":{"start":{"line":216,"column":2},"end":{"line":216,"column":45}},"96":{"start":{"line":219,"column":0},"end":{"line":222,"column":3}},"97":{"start":{"line":220,"column":2},"end":{"line":220,"column":57}},"98":{"start":{"line":220,"column":24},"end":{"line":220,"column":57}},"99":{"start":{"line":221,"column":2},"end":{"line":221,"column":42}},"100":{"start":{"line":224,"column":0},"end":{"line":226,"column":3}},"101":{"start":{"line":225,"column":2},"end":{"line":225,"column":49}},"102":{"start":{"line":228,"column":0},"end":{"line":228,"column":24}}},"fnMap":{"0":{"name":"collectCategoryNames","decl":{"start":{"line":6,"column":9},"end":{"line":6,"column":29}},"loc":{"start":{"line":6,"column":40},"end":{"line":13,"column":1}},"line":6},"1":{"name":"(anonymous_1)","decl":{"start":{"line":9,"column":15},"end":{"line":9,"column":16}},"loc":{"start":{"line":9,"column":26},"end":{"line":9,"column":67}},"line":9},"2":{"name":"(anonymous_2)","decl":{"start":{"line":10,"column":11},"end":{"line":10,"column":12}},"loc":{"start":{"line":10,"column":19},"end":{"line":10,"column":30}},"line":10},"3":{"name":"mergeCategories","decl":{"start":{"line":15,"column":9},"end":{"line":15,"column":24}},"loc":{"start":{"line":15,"column":60},"end":{"line":27,"column":1}},"line":15},"4":{"name":"(anonymous_4)","decl":{"start":{"line":17,"column":45},"end":{"line":17,"column":46}},"loc":{"start":{"line":17,"column":57},"end":{"line":17,"column":70}},"line":17},"5":{"name":"(anonymous_5)","decl":{"start":{"line":19,"column":12},"end":{"line":19,"column":13}},"loc":{"start":{"line":19,"column":20},"end":{"line":19,"column":44}},"line":19},"6":{"name":"(anonymous_6)","decl":{"start":{"line":20,"column":9},"end":{"line":20,"column":10}},"loc":{"start":{"line":20,"column":27},"end":{"line":24,"column":5}},"line":20},"7":{"name":"(anonymous_7)","decl":{"start":{"line":26,"column":40},"end":{"line":26,"column":41}},"loc":{"start":{"line":26,"column":50},"end":{"line":26,"column":84}},"line":26},"8":{"name":"(anonymous_8)","decl":{"start":{"line":30,"column":16},"end":{"line":30,"column":17}},"loc":{"start":{"line":30,"column":36},"end":{"line":63,"column":1}},"line":30},"9":{"name":"(anonymous_9)","decl":{"start":{"line":52,"column":41},"end":{"line":52,"column":42}},"loc":{"start":{"line":52,"column":53},"end":{"line":52,"column":79}},"line":52},"10":{"name":"(anonymous_10)","decl":{"start":{"line":53,"column":41},"end":{"line":53,"column":42}},"loc":{"start":{"line":53,"column":46},"end":{"line":53,"column":55}},"line":53},"11":{"name":"(anonymous_11)","decl":{"start":{"line":67,"column":38},"end":{"line":67,"column":39}},"loc":{"start":{"line":67,"column":58},"end":{"line":155,"column":1}},"line":67},"12":{"name":"(anonymous_12)","decl":{"start":{"line":95,"column":6},"end":{"line":95,"column":7}},"loc":{"start":{"line":95,"column":11},"end":{"line":95,"column":46}},"line":95},"13":{"name":"(anonymous_13)","decl":{"start":{"line":100,"column":49},"end":{"line":100,"column":50}},"loc":{"start":{"line":100,"column":56},"end":{"line":106,"column":7}},"line":100},"14":{"name":"(anonymous_14)","decl":{"start":{"line":103,"column":15},"end":{"line":103,"column":16}},"loc":{"start":{"line":103,"column":25},"end":{"line":103,"column":36}},"line":103},"15":{"name":"(anonymous_15)","decl":{"start":{"line":113,"column":49},"end":{"line":113,"column":50}},"loc":{"start":{"line":113,"column":54},"end":{"line":113,"column":81}},"line":113},"16":{"name":"(anonymous_16)","decl":{"start":{"line":117,"column":49},"end":{"line":117,"column":50}},"loc":{"start":{"line":117,"column":54},"end":{"line":117,"column":81}},"line":117},"17":{"name":"(anonymous_17)","decl":{"start":{"line":123,"column":49},"end":{"line":123,"column":50}},"loc":{"start":{"line":124,"column":8},"end":{"line":125,"column":55}},"line":124},"18":{"name":"(anonymous_18)","decl":{"start":{"line":130,"column":52},"end":{"line":130,"column":53}},"loc":{"start":{"line":130,"column":62},"end":{"line":130,"column":79}},"line":130},"19":{"name":"(anonymous_19)","decl":{"start":{"line":131,"column":53},"end":{"line":131,"column":54}},"loc":{"start":{"line":131,"column":63},"end":{"line":131,"column":80}},"line":131},"20":{"name":"(anonymous_20)","decl":{"start":{"line":132,"column":51},"end":{"line":132,"column":52}},"loc":{"start":{"line":132,"column":61},"end":{"line":132,"column":95}},"line":132},"21":{"name":"(anonymous_21)","decl":{"start":{"line":160,"column":41},"end":{"line":160,"column":42}},"loc":{"start":{"line":160,"column":61},"end":{"line":173,"column":1}},"line":160},"22":{"name":"(anonymous_22)","decl":{"start":{"line":177,"column":32},"end":{"line":177,"column":33}},"loc":{"start":{"line":177,"column":52},"end":{"line":201,"column":1}},"line":177},"23":{"name":"(anonymous_23)","decl":{"start":{"line":205,"column":21},"end":{"line":205,"column":22}},"loc":{"start":{"line":205,"column":35},"end":{"line":207,"column":1}},"line":205},"24":{"name":"(anonymous_24)","decl":{"start":{"line":209,"column":21},"end":{"line":209,"column":22}},"loc":{"start":{"line":209,"column":35},"end":{"line":212,"column":1}},"line":209},"25":{"name":"(anonymous_25)","decl":{"start":{"line":214,"column":27},"end":{"line":214,"column":28}},"loc":{"start":{"line":214,"column":41},"end":{"line":217,"column":1}},"line":214},"26":{"name":"(anonymous_26)","decl":{"start":{"line":219,"column":24},"end":{"line":219,"column":25}},"loc":{"start":{"line":219,"column":38},"end":{"line":222,"column":1}},"line":219},"27":{"name":"(anonymous_27)","decl":{"start":{"line":224,"column":31},"end":{"line":224,"column":32}},"loc":{"start":{"line":224,"column":45},"end":{"line":226,"column":1}},"line":224}},"branchMap":{"0":{"loc":{"start":{"line":8,"column":5},"end":{"line":8,"column":19}},"type":"binary-expr","locations":[{"start":{"line":8,"column":5},"end":{"line":8,"column":13}},{"start":{"line":8,"column":17},"end":{"line":8,"column":19}}],"line":8},"1":{"loc":{"start":{"line":9,"column":33},"end":{"line":9,"column":55}},"type":"binary-expr","locations":[{"start":{"line":9,"column":33},"end":{"line":9,"column":49}},{"start":{"line":9,"column":53},"end":{"line":9,"column":55}}],"line":9},"2":{"loc":{"start":{"line":16,"column":19},"end":{"line":16,"column":40}},"type":"binary-expr","locations":[{"start":{"line":16,"column":19},"end":{"line":16,"column":34}},{"start":{"line":16,"column":38},"end":{"line":16,"column":40}}],"line":16},"3":{"loc":{"start":{"line":21,"column":21},"end":{"line":21,"column":37}},"type":"binary-expr","locations":[{"start":{"line":21,"column":21},"end":{"line":21,"column":27}},{"start":{"line":21,"column":31},"end":{"line":21,"column":37}}],"line":21},"4":{"loc":{"start":{"line":33,"column":2},"end":{"line":39,"column":3}},"type":"if","locations":[{"start":{"line":33,"column":2},"end":{"line":39,"column":3}},{"start":{},"end":{}}],"line":33},"5":{"loc":{"start":{"line":46,"column":2},"end":{"line":48,"column":3}},"type":"if","locations":[{"start":{"line":46,"column":2},"end":{"line":48,"column":3}},{"start":{},"end":{}}],"line":46},"6":{"loc":{"start":{"line":50,"column":23},"end":{"line":50,"column":37}},"type":"binary-expr","locations":[{"start":{"line":50,"column":23},"end":{"line":50,"column":31}},{"start":{"line":50,"column":35},"end":{"line":50,"column":37}}],"line":50},"7":{"loc":{"start":{"line":52,"column":66},"end":{"line":52,"column":78}},"type":"binary-expr","locations":[{"start":{"line":52,"column":66},"end":{"line":52,"column":73}},{"start":{"line":52,"column":77},"end":{"line":52,"column":78}}],"line":52},"8":{"loc":{"start":{"line":84,"column":4},"end":{"line":86,"column":5}},"type":"if","locations":[{"start":{"line":84,"column":4},"end":{"line":86,"column":5}},{"start":{},"end":{}}],"line":84},"9":{"loc":{"start":{"line":90,"column":4},"end":{"line":92,"column":5}},"type":"if","locations":[{"start":{"line":90,"column":4},"end":{"line":92,"column":5}},{"start":{},"end":{}}],"line":90},"10":{"loc":{"start":{"line":94,"column":28},"end":{"line":94,"column":42}},"type":"binary-expr","locations":[{"start":{"line":94,"column":28},"end":{"line":94,"column":36}},{"start":{"line":94,"column":40},"end":{"line":94,"column":42}}],"line":94},"11":{"loc":{"start":{"line":98,"column":4},"end":{"line":107,"column":5}},"type":"if","locations":[{"start":{"line":98,"column":4},"end":{"line":107,"column":5}},{"start":{},"end":{}}],"line":98},"12":{"loc":{"start":{"line":98,"column":8},"end":{"line":98,"column":38}},"type":"binary-expr","locations":[{"start":{"line":98,"column":8},"end":{"line":98,"column":16}},{"start":{"line":98,"column":20},"end":{"line":98,"column":38}}],"line":98},"13":{"loc":{"start":{"line":101,"column":28},"end":{"line":101,"column":44}},"type":"binary-expr","locations":[{"start":{"line":101,"column":28},"end":{"line":101,"column":38}},{"start":{"line":101,"column":42},"end":{"line":101,"column":44}}],"line":101},"14":{"loc":{"start":{"line":112,"column":4},"end":{"line":114,"column":5}},"type":"if","locations":[{"start":{"line":112,"column":4},"end":{"line":114,"column":5}},{"start":{},"end":{}}],"line":112},"15":{"loc":{"start":{"line":112,"column":8},"end":{"line":112,"column":45}},"type":"binary-expr","locations":[{"start":{"line":112,"column":8},"end":{"line":112,"column":26}},{"start":{"line":112,"column":30},"end":{"line":112,"column":45}}],"line":112},"16":{"loc":{"start":{"line":113,"column":61},"end":{"line":113,"column":73}},"type":"binary-expr","locations":[{"start":{"line":113,"column":61},"end":{"line":113,"column":68}},{"start":{"line":113,"column":72},"end":{"line":113,"column":73}}],"line":113},"17":{"loc":{"start":{"line":116,"column":4},"end":{"line":118,"column":5}},"type":"if","locations":[{"start":{"line":116,"column":4},"end":{"line":118,"column":5}},{"start":{},"end":{}}],"line":116},"18":{"loc":{"start":{"line":116,"column":8},"end":{"line":116,"column":45}},"type":"binary-expr","locations":[{"start":{"line":116,"column":8},"end":{"line":116,"column":26}},{"start":{"line":116,"column":30},"end":{"line":116,"column":45}}],"line":116},"19":{"loc":{"start":{"line":117,"column":61},"end":{"line":117,"column":73}},"type":"binary-expr","locations":[{"start":{"line":117,"column":61},"end":{"line":117,"column":68}},{"start":{"line":117,"column":72},"end":{"line":117,"column":73}}],"line":117},"20":{"loc":{"start":{"line":121,"column":4},"end":{"line":127,"column":5}},"type":"if","locations":[{"start":{"line":121,"column":4},"end":{"line":127,"column":5}},{"start":{},"end":{}}],"line":121},"21":{"loc":{"start":{"line":124,"column":8},"end":{"line":125,"column":55}},"type":"binary-expr","locations":[{"start":{"line":124,"column":8},"end":{"line":124,"column":40}},{"start":{"line":125,"column":8},"end":{"line":125,"column":55}}],"line":124},"22":{"loc":{"start":{"line":125,"column":9},"end":{"line":125,"column":28}},"type":"binary-expr","locations":[{"start":{"line":125,"column":9},"end":{"line":125,"column":22}},{"start":{"line":125,"column":26},"end":{"line":125,"column":28}}],"line":125},"23":{"loc":{"start":{"line":130,"column":4},"end":{"line":130,"column":81}},"type":"if","locations":[{"start":{"line":130,"column":4},"end":{"line":130,"column":81}},{"start":{},"end":{}}],"line":130},"24":{"loc":{"start":{"line":131,"column":4},"end":{"line":131,"column":82}},"type":"if","locations":[{"start":{"line":131,"column":4},"end":{"line":131,"column":82}},{"start":{},"end":{}}],"line":131},"25":{"loc":{"start":{"line":132,"column":4},"end":{"line":132,"column":97}},"type":"if","locations":[{"start":{"line":132,"column":4},"end":{"line":132,"column":97}},{"start":{},"end":{}}],"line":132},"26":{"loc":{"start":{"line":138,"column":4},"end":{"line":140,"column":5}},"type":"if","locations":[{"start":{"line":138,"column":4},"end":{"line":140,"column":5}},{"start":{},"end":{}}],"line":138},"27":{"loc":{"start":{"line":143,"column":57},"end":{"line":143,"column":78}},"type":"binary-expr","locations":[{"start":{"line":143,"column":57},"end":{"line":143,"column":72}},{"start":{"line":143,"column":76},"end":{"line":143,"column":78}}],"line":143},"28":{"loc":{"start":{"line":168,"column":2},"end":{"line":170,"column":3}},"type":"if","locations":[{"start":{"line":168,"column":2},"end":{"line":170,"column":3}},{"start":{},"end":{}}],"line":168},"29":{"loc":{"start":{"line":168,"column":6},"end":{"line":168,"column":23}},"type":"binary-expr","locations":[{"start":{"line":168,"column":6},"end":{"line":168,"column":11}},{"start":{"line":168,"column":15},"end":{"line":168,"column":23}}],"line":168},"30":{"loc":{"start":{"line":184,"column":2},"end":{"line":198,"column":3}},"type":"if","locations":[{"start":{"line":184,"column":2},"end":{"line":198,"column":3}},{"start":{},"end":{}}],"line":184},"31":{"loc":{"start":{"line":190,"column":14},"end":{"line":190,"column":68}},"type":"cond-expr","locations":[{"start":{"line":190,"column":33},"end":{"line":190,"column":58}},{"start":{"line":190,"column":61},"end":{"line":190,"column":68}}],"line":190},"32":{"loc":{"start":{"line":195,"column":4},"end":{"line":197,"column":5}},"type":"if","locations":[{"start":{"line":195,"column":4},"end":{"line":197,"column":5}},{"start":{},"end":{}}],"line":195},"33":{"loc":{"start":{"line":200,"column":29},"end":{"line":200,"column":57}},"type":"cond-expr","locations":[{"start":{"line":200,"column":39},"end":{"line":200,"column":51}},{"start":{"line":200,"column":54},"end":{"line":200,"column":57}}],"line":200},"34":{"loc":{"start":{"line":210,"column":2},"end":{"line":210,"column":49}},"type":"if","locations":[{"start":{"line":210,"column":2},"end":{"line":210,"column":49}},{"start":{},"end":{}}],"line":210},"35":{"loc":{"start":{"line":211,"column":47},"end":{"line":211,"column":72}},"type":"binary-expr","locations":[{"start":{"line":211,"column":47},"end":{"line":211,"column":65}},{"start":{"line":211,"column":69},"end":{"line":211,"column":72}}],"line":211},"36":{"loc":{"start":{"line":215,"column":2},"end":{"line":215,"column":72}},"type":"if","locations":[{"start":{"line":215,"column":2},"end":{"line":215,"column":72}},{"start":{},"end":{}}],"line":215},"37":{"loc":{"start":{"line":220,"column":2},"end":{"line":220,"column":57}},"type":"if","locations":[{"start":{"line":220,"column":2},"end":{"line":220,"column":57}},{"start":{},"end":{}}],"line":220}},"s":{"0":1,"1":1,"2":1,"3":1,"4":6,"5":12,"6":18,"7":6,"8":6,"9":6,"10":6,"11":12,"12":6,"13":6,"14":6,"15":1,"16":3,"17":1,"18":2,"19":2,"20":1,"21":2,"22":2,"23":4,"24":2,"25":4,"26":2,"27":1,"28":7,"29":7,"30":7,"31":6,"32":6,"33":1,"34":6,"35":6,"36":1,"37":6,"38":11,"39":6,"40":1,"41":1,"42":1,"43":2,"44":1,"45":6,"46":6,"47":6,"48":1,"49":2,"50":6,"51":1,"52":2,"53":6,"54":2,"55":2,"56":4,"57":6,"58":0,"59":0,"60":6,"61":1,"62":1,"63":6,"64":1,"65":0,"66":6,"67":6,"68":6,"69":6,"70":6,"71":6,"72":1,"73":1,"74":1,"75":2,"76":2,"77":1,"78":1,"79":1,"80":3,"81":3,"82":2,"83":2,"84":1,"85":3,"86":1,"87":1,"88":1,"89":2,"90":1,"91":1,"92":1,"93":2,"94":1,"95":1,"96":1,"97":2,"98":1,"99":1,"100":1,"101":1,"102":1},"f":{"0":6,"1":12,"2":18,"3":6,"4":6,"5":12,"6":6,"7":6,"8":3,"9":4,"10":4,"11":7,"12":11,"13":1,"14":2,"15":2,"16":2,"17":4,"18":0,"19":1,"20":0,"21":2,"22":3,"23":1,"24":2,"25":2,"26":2,"27":1},"b":{"0":[6,0],"1":[12,0],"2":[6,0],"3":[6,0],"4":[1,2],"5":[1,1],"6":[2,0],"7":[4,0],"8":[1,5],"9":[1,5],"10":[6,0],"11":[1,5],"12":[6,1],"13":[1,0],"14":[1,5],"15":[6,1],"16":[2,0],"17":[1,5],"18":[6,1],"19":[2,0],"20":[2,4],"21":[4,3],"22":[3,2],"23":[0,6],"24":[1,5],"25":[1,5],"26":[6,0],"27":[6,0],"28":[1,1],"29":[2,2],"30":[2,1],"31":[2,0],"32":[1,1],"33":[2,1],"34":[1,1],"35":[1,0],"36":[1,1],"37":[1,1]},"_coverageSchema":"1a1c01bbd47fc00a2c39e90264f33305004495a9","hash":"7adfdb8d98f26f96966c9e0914e3992e1e426eaa"}
,"D:\\Github\\4kon\\routes\\products.js": {"path":"D:\\Github\\4kon\\routes\\products.js","statementMap":{"0":{"start":{"line":1,"column":16},"end":{"line":1,"column":34}},"1":{"start":{"line":2,"column":15},"end":{"line":2,"column":31}},"2":{"start":{"line":3,"column":23},"end":{"line":3,"column":38}},"3":{"start":{"line":4,"column":25},"end":{"line":4,"column":54}},"4":{"start":{"line":5,"column":17},"end":{"line":5,"column":45}},"5":{"start":{"line":8,"column":2},"end":{"line":8,"column":30}},"6":{"start":{"line":8,"column":20},"end":{"line":8,"column":30}},"7":{"start":{"line":9,"column":2},"end":{"line":13,"column":57}},"8":{"start":{"line":11,"column":16},"end":{"line":11,"column":26}},"9":{"start":{"line":13,"column":31},"end":{"line":13,"column":55}},"10":{"start":{"line":17,"column":19},"end":{"line":17,"column":40}},"11":{"start":{"line":18,"column":24},"end":{"line":18,"column":72}},"12":{"start":{"line":18,"column":57},"end":{"line":18,"column":70}},"13":{"start":{"line":19,"column":23},"end":{"line":24,"column":4}},"14":{"start":{"line":21,"column":26},"end":{"line":21,"column":67}},"15":{"start":{"line":22,"column":19},"end":{"line":22,"column":30}},"16":{"start":{"line":26,"column":18},"end":{"line":32,"column":7}},"17":{"start":{"line":27,"column":20},"end":{"line":27,"column":44}},"18":{"start":{"line":28,"column":27},"end":{"line":32,"column":5}},"19":{"start":{"line":34,"column":2},"end":{"line":34,"column":86}},"20":{"start":{"line":34,"column":50},"end":{"line":34,"column":84}},"21":{"start":{"line":38,"column":0},"end":{"line":89,"column":3}},"22":{"start":{"line":39,"column":82},"end":{"line":39,"column":90}},"23":{"start":{"line":40,"column":15},"end":{"line":40,"column":38}},"24":{"start":{"line":42,"column":2},"end":{"line":44,"column":3}},"25":{"start":{"line":43,"column":4},"end":{"line":43,"column":51}},"26":{"start":{"line":46,"column":21},"end":{"line":58,"column":3}},"27":{"start":{"line":60,"column":20},"end":{"line":60,"column":72}},"28":{"start":{"line":61,"column":2},"end":{"line":64,"column":3}},"29":{"start":{"line":62,"column":4},"end":{"line":62,"column":25}},"30":{"start":{"line":63,"column":4},"end":{"line":63,"column":56}},"31":{"start":{"line":66,"column":2},"end":{"line":86,"column":3}},"32":{"start":{"line":67,"column":16},"end":{"line":67,"column":55}},"33":{"start":{"line":69,"column":4},"end":{"line":71,"column":5}},"34":{"start":{"line":70,"column":6},"end":{"line":70,"column":57}},"35":{"start":{"line":73,"column":33},"end":{"line":73,"column":44}},"36":{"start":{"line":74,"column":26},"end":{"line":74,"column":61}},"37":{"start":{"line":74,"column":54},"end":{"line":74,"column":60}},"38":{"start":{"line":75,"column":24},"end":{"line":75,"column":72}},"39":{"start":{"line":75,"column":43},"end":{"line":75,"column":71}},"40":{"start":{"line":77,"column":4},"end":{"line":85,"column":5}},"41":{"start":{"line":78,"column":6},"end":{"line":84,"column":8}},"42":{"start":{"line":79,"column":32},"end":{"line":83,"column":9}},"43":{"start":{"line":88,"column":2},"end":{"line":88,"column":44}},"44":{"start":{"line":93,"column":0},"end":{"line":155,"column":3}},"45":{"start":{"line":94,"column":82},"end":{"line":94,"column":90}},"46":{"start":{"line":95,"column":15},"end":{"line":95,"column":38}},"47":{"start":{"line":97,"column":14},"end":{"line":100,"column":28}},"48":{"start":{"line":102,"column":2},"end":{"line":104,"column":3}},"49":{"start":{"line":103,"column":4},"end":{"line":103,"column":55}},"50":{"start":{"line":106,"column":28},"end":{"line":106,"column":48}},"51":{"start":{"line":108,"column":2},"end":{"line":110,"column":3}},"52":{"start":{"line":109,"column":4},"end":{"line":109,"column":71}},"53":{"start":{"line":112,"column":25},"end":{"line":121,"column":3}},"54":{"start":{"line":123,"column":20},"end":{"line":126,"column":28}},"55":{"start":{"line":128,"column":2},"end":{"line":131,"column":3}},"56":{"start":{"line":129,"column":4},"end":{"line":129,"column":25}},"57":{"start":{"line":130,"column":4},"end":{"line":130,"column":58}},"58":{"start":{"line":133,"column":2},"end":{"line":152,"column":3}},"59":{"start":{"line":134,"column":26},"end":{"line":134,"column":65}},"60":{"start":{"line":135,"column":4},"end":{"line":137,"column":5}},"61":{"start":{"line":136,"column":6},"end":{"line":136,"column":77}},"62":{"start":{"line":139,"column":33},"end":{"line":139,"column":54}},"63":{"start":{"line":140,"column":26},"end":{"line":140,"column":61}},"64":{"start":{"line":140,"column":54},"end":{"line":140,"column":60}},"65":{"start":{"line":141,"column":24},"end":{"line":141,"column":72}},"66":{"start":{"line":141,"column":43},"end":{"line":141,"column":71}},"67":{"start":{"line":143,"column":4},"end":{"line":151,"column":5}},"68":{"start":{"line":144,"column":6},"end":{"line":150,"column":8}},"69":{"start":{"line":145,"column":32},"end":{"line":149,"column":9}},"70":{"start":{"line":154,"column":2},"end":{"line":154,"column":44}},"71":{"start":{"line":159,"column":0},"end":{"line":187,"column":3}},"72":{"start":{"line":161,"column":14},"end":{"line":164,"column":28}},"73":{"start":{"line":166,"column":2},"end":{"line":168,"column":3}},"74":{"start":{"line":167,"column":4},"end":{"line":167,"column":55}},"75":{"start":{"line":170,"column":28},"end":{"line":170,"column":48}},"76":{"start":{"line":172,"column":2},"end":{"line":174,"column":3}},"77":{"start":{"line":173,"column":4},"end":{"line":173,"column":71}},"78":{"start":{"line":176,"column":20},"end":{"line":179,"column":28}},"79":{"start":{"line":181,"column":2},"end":{"line":184,"column":3}},"80":{"start":{"line":182,"column":4},"end":{"line":182,"column":25}},"81":{"start":{"line":183,"column":4},"end":{"line":183,"column":58}},"82":{"start":{"line":186,"column":2},"end":{"line":186,"column":28}},"83":{"start":{"line":191,"column":0},"end":{"line":234,"column":3}},"84":{"start":{"line":193,"column":14},"end":{"line":196,"column":28}},"85":{"start":{"line":198,"column":2},"end":{"line":200,"column":3}},"86":{"start":{"line":199,"column":4},"end":{"line":199,"column":55}},"87":{"start":{"line":202,"column":28},"end":{"line":202,"column":48}},"88":{"start":{"line":204,"column":2},"end":{"line":206,"column":3}},"89":{"start":{"line":205,"column":4},"end":{"line":205,"column":71}},"90":{"start":{"line":209,"column":17},"end":{"line":209,"column":56}},"91":{"start":{"line":210,"column":25},"end":{"line":210,"column":67}},"92":{"start":{"line":211,"column":31},"end":{"line":211,"column":68}},"93":{"start":{"line":213,"column":2},"end":{"line":216,"column":3}},"94":{"start":{"line":214,"column":4},"end":{"line":214,"column":61}},"95":{"start":{"line":215,"column":4},"end":{"line":215,"column":89}},"96":{"start":{"line":218,"column":31},"end":{"line":218,"column":45}},"97":{"start":{"line":219,"column":37},"end":{"line":219,"column":57}},"98":{"start":{"line":220,"column":33},"end":{"line":220,"column":61}},"99":{"start":{"line":221,"column":27},"end":{"line":221,"column":89}},"100":{"start":{"line":222,"column":25},"end":{"line":226,"column":45}},"101":{"start":{"line":224,"column":18},"end":{"line":224,"column":46}},"102":{"start":{"line":226,"column":20},"end":{"line":226,"column":44}},"103":{"start":{"line":228,"column":2},"end":{"line":233,"column":5}},"104":{"start":{"line":238,"column":0},"end":{"line":266,"column":3}},"105":{"start":{"line":241,"column":17},"end":{"line":241,"column":56}},"106":{"start":{"line":242,"column":25},"end":{"line":242,"column":67}},"107":{"start":{"line":243,"column":31},"end":{"line":243,"column":68}},"108":{"start":{"line":245,"column":2},"end":{"line":248,"column":3}},"109":{"start":{"line":246,"column":4},"end":{"line":246,"column":61}},"110":{"start":{"line":247,"column":4},"end":{"line":247,"column":89}},"111":{"start":{"line":250,"column":31},"end":{"line":250,"column":45}},"112":{"start":{"line":251,"column":37},"end":{"line":251,"column":57}},"113":{"start":{"line":252,"column":33},"end":{"line":252,"column":61}},"114":{"start":{"line":253,"column":27},"end":{"line":253,"column":89}},"115":{"start":{"line":254,"column":25},"end":{"line":258,"column":45}},"116":{"start":{"line":256,"column":18},"end":{"line":256,"column":46}},"117":{"start":{"line":258,"column":20},"end":{"line":258,"column":44}},"118":{"start":{"line":260,"column":2},"end":{"line":265,"column":5}},"119":{"start":{"line":268,"column":0},"end":{"line":268,"column":24}}},"fnMap":{"0":{"name":"normalizeTags","decl":{"start":{"line":7,"column":9},"end":{"line":7,"column":22}},"loc":{"start":{"line":7,"column":36},"end":{"line":14,"column":1}},"line":7},"1":{"name":"(anonymous_1)","decl":{"start":{"line":11,"column":9},"end":{"line":11,"column":10}},"loc":{"start":{"line":11,"column":16},"end":{"line":11,"column":26}},"line":11},"2":{"name":"(anonymous_2)","decl":{"start":{"line":13,"column":12},"end":{"line":13,"column":13}},"loc":{"start":{"line":13,"column":31},"end":{"line":13,"column":55}},"line":13},"3":{"name":"mergeCategories","decl":{"start":{"line":16,"column":9},"end":{"line":16,"column":24}},"loc":{"start":{"line":16,"column":60},"end":{"line":35,"column":1}},"line":16},"4":{"name":"(anonymous_4)","decl":{"start":{"line":18,"column":45},"end":{"line":18,"column":46}},"loc":{"start":{"line":18,"column":57},"end":{"line":18,"column":70}},"line":18},"5":{"name":"(anonymous_5)","decl":{"start":{"line":21,"column":15},"end":{"line":21,"column":16}},"loc":{"start":{"line":21,"column":26},"end":{"line":21,"column":67}},"line":21},"6":{"name":"(anonymous_6)","decl":{"start":{"line":22,"column":11},"end":{"line":22,"column":12}},"loc":{"start":{"line":22,"column":19},"end":{"line":22,"column":30}},"line":22},"7":{"name":"(anonymous_7)","decl":{"start":{"line":27,"column":12},"end":{"line":27,"column":13}},"loc":{"start":{"line":27,"column":20},"end":{"line":27,"column":44}},"line":27},"8":{"name":"(anonymous_8)","decl":{"start":{"line":28,"column":9},"end":{"line":28,"column":10}},"loc":{"start":{"line":28,"column":27},"end":{"line":32,"column":5}},"line":28},"9":{"name":"(anonymous_9)","decl":{"start":{"line":34,"column":40},"end":{"line":34,"column":41}},"loc":{"start":{"line":34,"column":50},"end":{"line":34,"column":84}},"line":34},"10":{"name":"(anonymous_10)","decl":{"start":{"line":38,"column":34},"end":{"line":38,"column":35}},"loc":{"start":{"line":38,"column":54},"end":{"line":89,"column":1}},"line":38},"11":{"name":"(anonymous_11)","decl":{"start":{"line":74,"column":49},"end":{"line":74,"column":50}},"loc":{"start":{"line":74,"column":54},"end":{"line":74,"column":60}},"line":74},"12":{"name":"(anonymous_12)","decl":{"start":{"line":75,"column":36},"end":{"line":75,"column":37}},"loc":{"start":{"line":75,"column":43},"end":{"line":75,"column":71}},"line":75},"13":{"name":"(anonymous_13)","decl":{"start":{"line":79,"column":24},"end":{"line":79,"column":25}},"loc":{"start":{"line":79,"column":32},"end":{"line":83,"column":9}},"line":79},"14":{"name":"(anonymous_14)","decl":{"start":{"line":93,"column":39},"end":{"line":93,"column":40}},"loc":{"start":{"line":93,"column":59},"end":{"line":155,"column":1}},"line":93},"15":{"name":"(anonymous_15)","decl":{"start":{"line":140,"column":49},"end":{"line":140,"column":50}},"loc":{"start":{"line":140,"column":54},"end":{"line":140,"column":60}},"line":140},"16":{"name":"(anonymous_16)","decl":{"start":{"line":141,"column":36},"end":{"line":141,"column":37}},"loc":{"start":{"line":141,"column":43},"end":{"line":141,"column":71}},"line":141},"17":{"name":"(anonymous_17)","decl":{"start":{"line":145,"column":24},"end":{"line":145,"column":25}},"loc":{"start":{"line":145,"column":32},"end":{"line":149,"column":9}},"line":145},"18":{"name":"(anonymous_18)","decl":{"start":{"line":159,"column":41},"end":{"line":159,"column":42}},"loc":{"start":{"line":159,"column":61},"end":{"line":187,"column":1}},"line":159},"19":{"name":"(anonymous_19)","decl":{"start":{"line":191,"column":38},"end":{"line":191,"column":39}},"loc":{"start":{"line":191,"column":58},"end":{"line":234,"column":1}},"line":191},"20":{"name":"(anonymous_20)","decl":{"start":{"line":224,"column":11},"end":{"line":224,"column":12}},"loc":{"start":{"line":224,"column":18},"end":{"line":224,"column":46}},"line":224},"21":{"name":"(anonymous_21)","decl":{"start":{"line":226,"column":10},"end":{"line":226,"column":11}},"loc":{"start":{"line":226,"column":20},"end":{"line":226,"column":44}},"line":226},"22":{"name":"(anonymous_22)","decl":{"start":{"line":238,"column":33},"end":{"line":238,"column":34}},"loc":{"start":{"line":238,"column":53},"end":{"line":266,"column":1}},"line":238},"23":{"name":"(anonymous_23)","decl":{"start":{"line":256,"column":11},"end":{"line":256,"column":12}},"loc":{"start":{"line":256,"column":18},"end":{"line":256,"column":46}},"line":256},"24":{"name":"(anonymous_24)","decl":{"start":{"line":258,"column":10},"end":{"line":258,"column":11}},"loc":{"start":{"line":258,"column":20},"end":{"line":258,"column":44}},"line":258}},"branchMap":{"0":{"loc":{"start":{"line":8,"column":2},"end":{"line":8,"column":30}},"type":"if","locations":[{"start":{"line":8,"column":2},"end":{"line":8,"column":30}},{"start":{},"end":{}}],"line":8},"1":{"loc":{"start":{"line":17,"column":19},"end":{"line":17,"column":40}},"type":"binary-expr","locations":[{"start":{"line":17,"column":19},"end":{"line":17,"column":34}},{"start":{"line":17,"column":38},"end":{"line":17,"column":40}}],"line":17},"2":{"loc":{"start":{"line":20,"column":5},"end":{"line":20,"column":19}},"type":"binary-expr","locations":[{"start":{"line":20,"column":5},"end":{"line":20,"column":13}},{"start":{"line":20,"column":17},"end":{"line":20,"column":19}}],"line":20},"3":{"loc":{"start":{"line":21,"column":33},"end":{"line":21,"column":55}},"type":"binary-expr","locations":[{"start":{"line":21,"column":33},"end":{"line":21,"column":49}},{"start":{"line":21,"column":53},"end":{"line":21,"column":55}}],"line":21},"4":{"loc":{"start":{"line":29,"column":21},"end":{"line":29,"column":37}},"type":"binary-expr","locations":[{"start":{"line":29,"column":21},"end":{"line":29,"column":27}},{"start":{"line":29,"column":31},"end":{"line":29,"column":37}}],"line":29},"5":{"loc":{"start":{"line":42,"column":2},"end":{"line":44,"column":3}},"type":"if","locations":[{"start":{"line":42,"column":2},"end":{"line":44,"column":3}},{"start":{},"end":{}}],"line":42},"6":{"loc":{"start":{"line":42,"column":6},"end":{"line":42,"column":21}},"type":"binary-expr","locations":[{"start":{"line":42,"column":6},"end":{"line":42,"column":11}},{"start":{"line":42,"column":15},"end":{"line":42,"column":21}}],"line":42},"7":{"loc":{"start":{"line":50,"column":14},"end":{"line":50,"column":33}},"type":"binary-expr","locations":[{"start":{"line":50,"column":14},"end":{"line":50,"column":22}},{"start":{"line":50,"column":26},"end":{"line":50,"column":33}}],"line":50},"8":{"loc":{"start":{"line":52,"column":10},"end":{"line":52,"column":33}},"type":"cond-expr","locations":[{"start":{"line":52,"column":17},"end":{"line":52,"column":28}},{"start":{"line":52,"column":31},"end":{"line":52,"column":33}}],"line":52},"9":{"loc":{"start":{"line":53,"column":17},"end":{"line":53,"column":54}},"type":"cond-expr","locations":[{"start":{"line":53,"column":31},"end":{"line":53,"column":49}},{"start":{"line":53,"column":52},"end":{"line":53,"column":54}}],"line":53},"10":{"loc":{"start":{"line":54,"column":12},"end":{"line":54,"column":39}},"type":"cond-expr","locations":[{"start":{"line":54,"column":21},"end":{"line":54,"column":34}},{"start":{"line":54,"column":37},"end":{"line":54,"column":39}}],"line":54},"11":{"loc":{"start":{"line":61,"column":2},"end":{"line":64,"column":3}},"type":"if","locations":[{"start":{"line":61,"column":2},"end":{"line":64,"column":3}},{"start":{},"end":{}}],"line":61},"12":{"loc":{"start":{"line":66,"column":2},"end":{"line":86,"column":3}},"type":"if","locations":[{"start":{"line":66,"column":2},"end":{"line":86,"column":3}},{"start":{},"end":{}}],"line":66},"13":{"loc":{"start":{"line":69,"column":4},"end":{"line":71,"column":5}},"type":"if","locations":[{"start":{"line":69,"column":4},"end":{"line":71,"column":5}},{"start":{},"end":{}}],"line":69},"14":{"loc":{"start":{"line":74,"column":27},"end":{"line":74,"column":43}},"type":"binary-expr","locations":[{"start":{"line":74,"column":27},"end":{"line":74,"column":37}},{"start":{"line":74,"column":41},"end":{"line":74,"column":43}}],"line":74},"15":{"loc":{"start":{"line":77,"column":4},"end":{"line":85,"column":5}},"type":"if","locations":[{"start":{"line":77,"column":4},"end":{"line":85,"column":5}},{"start":{},"end":{}}],"line":77},"16":{"loc":{"start":{"line":102,"column":2},"end":{"line":104,"column":3}},"type":"if","locations":[{"start":{"line":102,"column":2},"end":{"line":104,"column":3}},{"start":{},"end":{}}],"line":102},"17":{"loc":{"start":{"line":108,"column":2},"end":{"line":110,"column":3}},"type":"if","locations":[{"start":{"line":108,"column":2},"end":{"line":110,"column":3}},{"start":{},"end":{}}],"line":108},"18":{"loc":{"start":{"line":115,"column":14},"end":{"line":115,"column":33}},"type":"binary-expr","locations":[{"start":{"line":115,"column":14},"end":{"line":115,"column":22}},{"start":{"line":115,"column":26},"end":{"line":115,"column":33}}],"line":115},"19":{"loc":{"start":{"line":117,"column":10},"end":{"line":117,"column":33}},"type":"cond-expr","locations":[{"start":{"line":117,"column":17},"end":{"line":117,"column":28}},{"start":{"line":117,"column":31},"end":{"line":117,"column":33}}],"line":117},"20":{"loc":{"start":{"line":118,"column":17},"end":{"line":118,"column":54}},"type":"cond-expr","locations":[{"start":{"line":118,"column":31},"end":{"line":118,"column":49}},{"start":{"line":118,"column":52},"end":{"line":118,"column":54}}],"line":118},"21":{"loc":{"start":{"line":119,"column":12},"end":{"line":119,"column":39}},"type":"cond-expr","locations":[{"start":{"line":119,"column":21},"end":{"line":119,"column":34}},{"start":{"line":119,"column":37},"end":{"line":119,"column":39}}],"line":119},"22":{"loc":{"start":{"line":128,"column":2},"end":{"line":131,"column":3}},"type":"if","locations":[{"start":{"line":128,"column":2},"end":{"line":131,"column":3}},{"start":{},"end":{}}],"line":128},"23":{"loc":{"start":{"line":133,"column":2},"end":{"line":152,"column":3}},"type":"if","locations":[{"start":{"line":133,"column":2},"end":{"line":152,"column":3}},{"start":{},"end":{}}],"line":133},"24":{"loc":{"start":{"line":135,"column":4},"end":{"line":137,"column":5}},"type":"if","locations":[{"start":{"line":135,"column":4},"end":{"line":137,"column":5}},{"start":{},"end":{}}],"line":135},"25":{"loc":{"start":{"line":140,"column":27},"end":{"line":140,"column":43}},"type":"binary-expr","locations":[{"start":{"line":140,"column":27},"end":{"line":140,"column":37}},{"start":{"line":140,"column":41},"end":{"line":140,"column":43}}],"line":140},"26":{"loc":{"start":{"line":143,"column":4},"end":{"line":151,"column":5}},"type":"if","locations":[{"start":{"line":143,"column":4},"end":{"line":151,"column":5}},{"start":{},"end":{}}],"line":143},"27":{"loc":{"start":{"line":166,"column":2},"end":{"line":168,"column":3}},"type":"if","locations":[{"start":{"line":166,"column":2},"end":{"line":168,"column":3}},{"start":{},"end":{}}],"line":166},"28":{"loc":{"start":{"line":172,"column":2},"end":{"line":174,"column":3}},"type":"if","locations":[{"start":{"line":172,"column":2},"end":{"line":174,"column":3}},{"start":{},"end":{}}],"line":172},"29":{"loc":{"start":{"line":181,"column":2},"end":{"line":184,"column":3}},"type":"if","locations":[{"start":{"line":181,"column":2},"end":{"line":184,"column":3}},{"start":{},"end":{}}],"line":181},"30":{"loc":{"start":{"line":198,"column":2},"end":{"line":200,"column":3}},"type":"if","locations":[{"start":{"line":198,"column":2},"end":{"line":200,"column":3}},{"start":{},"end":{}}],"line":198},"31":{"loc":{"start":{"line":204,"column":2},"end":{"line":206,"column":3}},"type":"if","locations":[{"start":{"line":204,"column":2},"end":{"line":206,"column":3}},{"start":{},"end":{}}],"line":204},"32":{"loc":{"start":{"line":213,"column":2},"end":{"line":216,"column":3}},"type":"if","locations":[{"start":{"line":213,"column":2},"end":{"line":216,"column":3}},{"start":{},"end":{}}],"line":213},"33":{"loc":{"start":{"line":223,"column":5},"end":{"line":223,"column":27}},"type":"binary-expr","locations":[{"start":{"line":223,"column":5},"end":{"line":223,"column":21}},{"start":{"line":223,"column":25},"end":{"line":223,"column":27}}],"line":223},"34":{"loc":{"start":{"line":224,"column":25},"end":{"line":224,"column":38}},"type":"binary-expr","locations":[{"start":{"line":224,"column":25},"end":{"line":224,"column":32}},{"start":{"line":224,"column":36},"end":{"line":224,"column":38}}],"line":224},"35":{"loc":{"start":{"line":245,"column":2},"end":{"line":248,"column":3}},"type":"if","locations":[{"start":{"line":245,"column":2},"end":{"line":248,"column":3}},{"start":{},"end":{}}],"line":245},"36":{"loc":{"start":{"line":255,"column":5},"end":{"line":255,"column":27}},"type":"binary-expr","locations":[{"start":{"line":255,"column":5},"end":{"line":255,"column":21}},{"start":{"line":255,"column":25},"end":{"line":255,"column":27}}],"line":255},"37":{"loc":{"start":{"line":256,"column":25},"end":{"line":256,"column":38}},"type":"binary-expr","locations":[{"start":{"line":256,"column":25},"end":{"line":256,"column":32}},{"start":{"line":256,"column":36},"end":{"line":256,"column":38}}],"line":256}},"s":{"0":1,"1":1,"2":1,"3":1,"4":1,"5":9,"6":4,"7":5,"8":8,"9":8,"10":3,"11":3,"12":3,"13":3,"14":2,"15":4,"16":3,"17":4,"18":2,"19":3,"20":2,"21":1,"22":5,"23":5,"24":5,"25":1,"26":4,"27":4,"28":4,"29":1,"30":1,"31":3,"32":2,"33":2,"34":1,"35":2,"36":2,"37":0,"38":2,"39":3,"40":2,"41":2,"42":3,"43":3,"44":1,"45":4,"46":4,"47":4,"48":4,"49":3,"50":4,"51":4,"52":0,"53":4,"54":4,"55":4,"56":1,"57":1,"58":3,"59":2,"60":2,"61":1,"62":2,"63":2,"64":0,"65":2,"66":3,"67":2,"68":2,"69":3,"70":3,"71":1,"72":4,"73":4,"74":3,"75":4,"76":4,"77":1,"78":3,"79":3,"80":1,"81":1,"82":2,"83":1,"84":2,"85":2,"86":2,"87":2,"88":2,"89":1,"90":1,"91":1,"92":1,"93":1,"94":1,"95":1,"96":1,"97":1,"98":1,"99":1,"100":1,"101":2,"102":1,"103":1,"104":1,"105":2,"106":2,"107":2,"108":2,"109":1,"110":1,"111":2,"112":2,"113":2,"114":2,"115":2,"116":3,"117":1,"118":2,"119":1},"f":{"0":9,"1":8,"2":8,"3":3,"4":3,"5":2,"6":4,"7":4,"8":2,"9":2,"10":5,"11":0,"12":3,"13":3,"14":4,"15":0,"16":3,"17":3,"18":4,"19":2,"20":2,"21":1,"22":2,"23":3,"24":1},"b":{"0":[4,5],"1":[3,0],"2":[3,0],"3":[2,0],"4":[2,0],"5":[1,4],"6":[5,4],"7":[4,3],"8":[1,3],"9":[1,3],"10":[1,3],"11":[1,3],"12":[2,1],"13":[1,1],"14":[2,0],"15":[2,0],"16":[3,1],"17":[0,4],"18":[4,3],"19":[1,3],"20":[1,3],"21":[1,3],"22":[1,3],"23":[2,1],"24":[1,1],"25":[2,0],"26":[2,0],"27":[3,1],"28":[1,3],"29":[1,2],"30":[2,0],"31":[1,1],"32":[1,0],"33":[1,0],"34":[2,0],"35":[1,1],"36":[2,0],"37":[3,0]},"_coverageSchema":"1a1c01bbd47fc00a2c39e90264f33305004495a9","hash":"90fe2db7e6468b8fb8f1376a269c4c211d53bcce"}
}
