TN:
SF:middleware\auth.js
FN:1,requireLogin
FN:8,requireAdmin
FNF:2
FNH:2
FNDA:13,requireLogin
FNDA:3,requireAdmin
DA:2,13
DA:3,2
DA:5,11
DA:9,3
DA:10,2
DA:12,1
DA:15,4
LF:7
LH:7
BRDA:2,0,0,2
BRDA:2,0,1,11
BRDA:9,1,0,2
BRDA:9,1,1,1
BRDA:9,2,0,3
BRDA:9,2,1,2
BRF:6
BRH:6
end_of_record
TN:
SF:routes\admin.js
FN:7,(anonymous_0)
FN:13,(anonymous_1)
FN:14,(anonymous_2)
FN:15,(anonymous_3)
FN:16,(anonymous_4)
FN:36,(anonymous_5)
FNF:6
FNH:6
FNDA:1,(anonymous_0)
FNDA:3,(anonymous_1)
FNDA:3,(anonymous_2)
FNDA:3,(anonymous_3)
FNDA:3,(anonymous_4)
FNDA:2,(anonymous_5)
DA:1,3
DA:2,3
DA:3,3
DA:4,3
DA:7,3
DA:8,1
DA:9,1
DA:10,1
DA:11,1
DA:13,3
DA:14,3
DA:15,3
DA:16,3
DA:18,1
DA:36,3
DA:37,2
DA:40,2
DA:41,1
DA:44,1
DA:46,1
DA:49,3
LF:21
LH:21
BRDA:13,0,0,3
BRDA:13,0,1,0
BRDA:40,1,0,1
BRDA:40,1,1,1
BRF:4
BRH:3
end_of_record
TN:
SF:routes\auth.js
FN:8,(anonymous_0)
FN:12,(anonymous_1)
FN:32,(anonymous_2)
FN:41,(anonymous_3)
FN:45,(anonymous_4)
FN:76,(anonymous_5)
FNF:6
FNH:6
FNDA:2,(anonymous_0)
FNDA:2,(anonymous_1)
FNDA:5,(anonymous_2)
FNDA:2,(anonymous_3)
FNDA:1,(anonymous_4)
FNDA:1,(anonymous_5)
DA:1,3
DA:2,3
DA:3,3
DA:4,3
DA:5,3
DA:8,3
DA:9,2
DA:11,2
DA:12,2
DA:14,2
DA:15,1
DA:21,1
DA:28,1
DA:32,3
DA:33,5
DA:35,5
DA:36,1
DA:39,4
DA:41,4
DA:42,1
DA:45,3
DA:46,1
DA:49,2
DA:59,2
DA:61,2
DA:62,1
DA:65,1
DA:72,1
DA:76,3
DA:77,1
DA:78,1
DA:81,3
LF:32
LH:32
BRDA:14,0,0,1
BRDA:14,0,1,1
BRDA:14,1,0,2
BRDA:14,1,1,2
BRDA:17,2,0,1
BRDA:17,2,1,0
BRDA:25,3,0,1
BRDA:25,3,1,0
BRDA:28,4,0,1
BRDA:28,4,1,0
BRDA:35,5,0,1
BRDA:35,5,1,4
BRDA:35,6,0,5
BRDA:35,6,1,4
BRDA:35,6,2,4
BRDA:41,7,0,1
BRDA:41,7,1,3
BRDA:45,8,0,1
BRDA:45,8,1,2
BRDA:61,9,0,1
BRDA:61,9,1,1
BRDA:61,10,0,2
BRDA:61,10,1,2
BRF:23
BRH:20
end_of_record
TN:
SF:routes\categories.js
FN:8,(anonymous_0)
FN:16,(anonymous_1)
FN:30,(anonymous_2)
FNF:3
FNH:3
FNDA:3,(anonymous_0)
FNDA:3,(anonymous_1)
FNDA:1,(anonymous_2)
DA:1,3
DA:2,3
DA:3,3
DA:4,3
DA:5,3
DA:8,3
DA:9,3
DA:11,3
DA:13,2
DA:16,3
DA:18,2
DA:19,1
DA:25,2
DA:30,3
DA:31,1
DA:33,1
DA:35,1
DA:38,3
LF:18
LH:18
BRDA:11,0,0,1
BRDA:11,0,1,2
BRDA:18,1,0,1
BRDA:18,1,1,1
BRF:4
BRH:4
end_of_record
TN:
SF:routes\pages.js
FN:6,(anonymous_0)
FN:9,(anonymous_1)
FN:10,(anonymous_2)
FN:20,(anonymous_3)
FN:27,(anonymous_4)
FN:31,(anonymous_5)
FN:36,(anonymous_6)
FN:42,(anonymous_7)
FN:43,(anonymous_8)
FN:44,(anonymous_9)
FN:55,(anonymous_10)
FN:57,(anonymous_11)
FN:68,(anonymous_12)
FN:70,(anonymous_13)
FN:87,(anonymous_14)
FN:93,(anonymous_15)
FN:98,(anonymous_16)
FN:103,(anonymous_17)
FNF:18
FNH:15
FNDA:2,(anonymous_0)
FNDA:5,(anonymous_1)
FNDA:5,(anonymous_2)
FNDA:2,(anonymous_3)
FNDA:5,(anonymous_4)
FNDA:3,(anonymous_5)
FNDA:2,(anonymous_6)
FNDA:0,(anonymous_7)
FNDA:0,(anonymous_8)
FNDA:0,(anonymous_9)
FNDA:3,(anonymous_10)
FNDA:6,(anonymous_11)
FNDA:2,(anonymous_12)
FNDA:1,(anonymous_13)
FNDA:1,(anonymous_14)
FNDA:2,(anonymous_15)
FNDA:2,(anonymous_16)
FNDA:1,(anonymous_17)
DA:1,4
DA:2,4
DA:3,4
DA:6,4
DA:7,2
DA:9,5
DA:10,5
DA:12,2
DA:20,4
DA:21,2
DA:22,2
DA:24,2
DA:26,2
DA:27,5
DA:30,2
DA:31,3
DA:34,2
DA:35,1
DA:36,1
DA:37,2
DA:42,2
DA:43,2
DA:44,2
DA:46,2
DA:55,4
DA:56,3
DA:57,6
DA:59,3
DA:60,2
DA:63,1
DA:68,4
DA:69,2
DA:70,2
DA:72,2
DA:73,1
DA:82,2
DA:87,4
DA:88,1
DA:93,4
DA:94,2
DA:95,1
DA:98,4
DA:99,2
DA:100,1
DA:103,4
DA:104,1
DA:107,4
LF:47
LH:47
BRDA:9,0,0,5
BRDA:9,0,1,0
BRDA:26,1,0,1
BRDA:26,1,1,1
BRDA:26,2,0,2
BRDA:26,2,1,1
BRDA:30,3,0,1
BRDA:30,3,1,1
BRDA:34,4,0,1
BRDA:34,4,1,1
BRDA:37,5,0,2
BRDA:37,5,1,1
BRDA:38,6,0,1
BRDA:38,6,1,0
BRDA:42,7,0,0
BRDA:42,7,1,2
BRDA:43,8,0,1
BRDA:43,8,1,1
BRDA:44,9,0,0
BRDA:44,9,1,2
BRDA:59,10,0,2
BRDA:59,10,1,1
BRDA:72,11,0,1
BRDA:72,11,1,1
BRDA:77,12,0,1
BRDA:77,12,1,0
BRDA:82,13,0,1
BRDA:82,13,1,1
BRDA:94,14,0,1
BRDA:94,14,1,1
BRDA:95,15,0,1
BRDA:95,15,1,1
BRDA:99,16,0,1
BRDA:99,16,1,1
BRF:34
BRH:29
end_of_record
TN:
SF:routes\products.js
FN:8,(anonymous_0)
FN:40,(anonymous_1)
FN:51,(anonymous_2)
FN:98,(anonymous_3)
FN:109,(anonymous_4)
FN:141,(anonymous_5)
FN:169,(anonymous_6)
FNF:7
FNH:5
FNDA:2,(anonymous_0)
FNDA:0,(anonymous_1)
FNDA:2,(anonymous_2)
FNDA:0,(anonymous_3)
FNDA:3,(anonymous_4)
FNDA:2,(anonymous_5)
FNDA:1,(anonymous_6)
DA:1,3
DA:2,3
DA:3,3
DA:4,3
DA:5,3
DA:8,3
DA:9,2
DA:11,2
DA:12,1
DA:15,1
DA:30,1
DA:31,1
DA:32,0
DA:33,0
DA:37,1
DA:38,1
DA:40,1
DA:41,1
DA:47,1
DA:51,3
DA:52,2
DA:54,2
DA:60,2
DA:61,0
DA:65,2
DA:69,1
DA:72,1
DA:84,1
DA:89,1
DA:90,0
DA:91,0
DA:95,1
DA:96,1
DA:98,1
DA:99,1
DA:105,1
DA:109,3
DA:110,3
DA:116,3
DA:117,1
DA:120,2
DA:124,1
DA:127,1
DA:132,1
DA:133,0
DA:134,0
DA:137,1
DA:141,3
DA:142,2
DA:148,2
DA:149,1
DA:152,1
DA:156,1
DA:157,0
DA:160,1
DA:169,3
DA:170,1
DA:174,1
DA:175,0
DA:178,1
DA:185,3
LF:61
LH:52
BRDA:11,0,0,1
BRDA:11,0,1,1
BRDA:11,1,0,2
BRDA:11,1,1,1
BRDA:19,2,0,1
BRDA:19,2,1,0
BRDA:20,3,0,1
BRDA:20,3,1,0
BRDA:21,4,0,1
BRDA:21,4,1,0
BRDA:22,5,0,1
BRDA:22,5,1,0
BRDA:23,6,0,1
BRDA:23,6,1,0
BRDA:31,7,0,0
BRDA:31,7,1,1
BRDA:37,8,0,1
BRDA:37,8,1,0
BRDA:40,9,0,1
BRDA:40,9,1,0
BRDA:60,10,0,0
BRDA:60,10,1,2
BRDA:65,11,0,1
BRDA:65,11,1,1
BRDA:66,12,0,2
BRDA:66,12,1,1
BRDA:75,13,0,1
BRDA:75,13,1,0
BRDA:76,14,0,1
BRDA:76,14,1,0
BRDA:77,15,0,1
BRDA:77,15,1,0
BRDA:78,16,0,1
BRDA:78,16,1,0
BRDA:79,17,0,1
BRDA:79,17,1,0
BRDA:89,18,0,0
BRDA:89,18,1,1
BRDA:95,19,0,1
BRDA:95,19,1,0
BRDA:98,20,0,1
BRDA:98,20,1,0
BRDA:116,21,0,1
BRDA:116,21,1,2
BRDA:120,22,0,1
BRDA:120,22,1,1
BRDA:121,23,0,2
BRDA:121,23,1,1
BRDA:132,24,0,0
BRDA:132,24,1,1
BRDA:148,25,0,1
BRDA:148,25,1,1
BRDA:156,26,0,0
BRDA:156,26,1,1
BRDA:162,27,0,1
BRDA:162,27,1,0
BRDA:174,28,0,0
BRDA:174,28,1,1
BRDA:180,29,0,1
BRDA:180,29,1,0
BRF:60
BRH:38
end_of_record
TN:
SF:utils\db.js
FN:4,read
FN:18,insert
FN:34,update
FN:46,remove
FN:58,seed
FNF:5
FNH:5
FNDA:10,read
FNDA:8,insert
FNDA:1,update
FNDA:1,remove
FNDA:8,seed
DA:1,8
DA:5,10
DA:9,10
DA:10,2
DA:11,2
DA:14,8
DA:19,8
DA:24,8
DA:25,2
DA:26,2
DA:29,6
DA:35,1
DA:40,1
DA:41,1
DA:47,1
DA:52,1
DA:53,1
DA:59,8
DA:61,8
DA:63,8
DA:64,6
DA:66,6
DA:77,6
DA:81,8
DA:83,8
LF:25
LH:25
BRDA:9,0,0,2
BRDA:9,0,1,8
BRDA:24,1,0,2
BRDA:24,1,1,6
BRDA:40,2,0,1
BRDA:40,2,1,0
BRDA:52,3,0,1
BRDA:52,3,1,0
BRDA:63,4,0,6
BRDA:63,4,1,2
BRF:10
BRH:8
end_of_record
TN:
SF:utils\supabase.js
FNF:0
FNH:0
DA:1,3
DA:12,3
DA:17,3
LF:3
LH:3
BRF:0
BRH:0
end_of_record
