TN:
SF:middleware\auth.js
FN:1,requireLogin
FN:8,requireAdmin
FNF:2
FNH:2
FNDA:7,requireLogin
FNDA:10,requireAdmin
DA:2,7
DA:3,4
DA:5,3
DA:9,10
DA:10,7
DA:12,3
DA:15,4
LF:7
LH:7
BRDA:2,0,0,4
BRDA:2,0,1,3
BRDA:9,1,0,7
BRDA:9,1,1,3
BRDA:9,2,0,10
BRDA:9,2,1,7
BRF:6
BRH:6
end_of_record
TN:
SF:routes\admin.js
FN:7,(anonymous_0)
FN:13,(anonymous_1)
FN:14,(anonymous_2)
FN:15,(anonymous_3)
FN:16,(anonymous_4)
FN:36,(anonymous_5)
FNF:6
FNH:1
FNDA:1,(anonymous_0)
FNDA:0,(anonymous_1)
FNDA:0,(anonymous_2)
FNDA:0,(anonymous_3)
FNDA:0,(anonymous_4)
FNDA:0,(anonymous_5)
DA:1,1
DA:2,1
DA:3,1
DA:4,1
DA:7,1
DA:8,1
DA:9,1
DA:10,1
DA:11,1
DA:13,1
DA:14,1
DA:15,1
DA:16,1
DA:18,1
DA:36,1
DA:37,0
DA:40,0
DA:41,0
DA:44,0
DA:46,0
DA:49,1
LF:21
LH:16
BRDA:13,0,0,0
BRDA:13,0,1,0
BRDA:40,1,0,0
BRDA:40,1,1,0
BRF:4
BRH:0
end_of_record
TN:
SF:routes\auth.js
FN:8,(anonymous_0)
FN:12,(anonymous_1)
FN:32,(anonymous_2)
FN:41,(anonymous_3)
FN:45,(anonymous_4)
FN:76,(anonymous_5)
FNF:6
FNH:0
FNDA:0,(anonymous_0)
FNDA:0,(anonymous_1)
FNDA:0,(anonymous_2)
FNDA:0,(anonymous_3)
FNDA:0,(anonymous_4)
FNDA:0,(anonymous_5)
DA:1,1
DA:2,1
DA:3,1
DA:4,1
DA:5,1
DA:8,1
DA:9,0
DA:11,0
DA:12,0
DA:14,0
DA:15,0
DA:21,0
DA:28,0
DA:32,1
DA:33,0
DA:35,0
DA:36,0
DA:39,0
DA:41,0
DA:42,0
DA:45,0
DA:46,0
DA:49,0
DA:59,0
DA:61,0
DA:62,0
DA:65,0
DA:72,0
DA:76,1
DA:77,0
DA:78,0
DA:81,1
LF:32
LH:9
BRDA:14,0,0,0
BRDA:14,0,1,0
BRDA:14,1,0,0
BRDA:14,1,1,0
BRDA:17,2,0,0
BRDA:17,2,1,0
BRDA:25,3,0,0
BRDA:25,3,1,0
BRDA:28,4,0,0
BRDA:28,4,1,0
BRDA:35,5,0,0
BRDA:35,5,1,0
BRDA:35,6,0,0
BRDA:35,6,1,0
BRDA:35,6,2,0
BRDA:41,7,0,0
BRDA:41,7,1,0
BRDA:45,8,0,0
BRDA:45,8,1,0
BRDA:61,9,0,0
BRDA:61,9,1,0
BRDA:61,10,0,0
BRDA:61,10,1,0
BRF:23
BRH:0
end_of_record
TN:
SF:routes\categories.js
FN:8,(anonymous_0)
FN:16,(anonymous_1)
FN:30,(anonymous_2)
FNF:3
FNH:1
FNDA:1,(anonymous_0)
FNDA:0,(anonymous_1)
FNDA:0,(anonymous_2)
DA:1,1
DA:2,1
DA:3,1
DA:4,1
DA:5,1
DA:8,1
DA:9,1
DA:11,0
DA:13,0
DA:16,0
DA:18,0
DA:19,0
DA:25,0
DA:30,1
DA:31,0
DA:33,0
DA:35,0
DA:38,1
LF:18
LH:9
BRDA:11,0,0,0
BRDA:11,0,1,0
BRDA:18,1,0,0
BRDA:18,1,1,0
BRF:4
BRH:0
end_of_record
TN:
SF:routes\pages.js
FN:6,(anonymous_0)
FN:9,(anonymous_1)
FN:10,(anonymous_2)
FN:20,(anonymous_3)
FN:27,(anonymous_4)
FN:31,(anonymous_5)
FN:36,(anonymous_6)
FN:42,(anonymous_7)
FN:43,(anonymous_8)
FN:44,(anonymous_9)
FN:55,(anonymous_10)
FN:57,(anonymous_11)
FN:68,(anonymous_12)
FN:70,(anonymous_13)
FN:87,(anonymous_14)
FN:93,(anonymous_15)
FN:98,(anonymous_16)
FN:103,(anonymous_17)
FNF:18
FNH:11
FNDA:3,(anonymous_0)
FNDA:2,(anonymous_1)
FNDA:2,(anonymous_2)
FNDA:3,(anonymous_3)
FNDA:2,(anonymous_4)
FNDA:0,(anonymous_5)
FNDA:0,(anonymous_6)
FNDA:0,(anonymous_7)
FNDA:0,(anonymous_8)
FNDA:0,(anonymous_9)
FNDA:3,(anonymous_10)
FNDA:1,(anonymous_11)
FNDA:0,(anonymous_12)
FNDA:0,(anonymous_13)
FNDA:2,(anonymous_14)
FNDA:3,(anonymous_15)
FNDA:2,(anonymous_16)
FNDA:1,(anonymous_17)
DA:1,3
DA:2,3
DA:3,3
DA:6,3
DA:7,3
DA:9,3
DA:10,3
DA:12,3
DA:20,3
DA:21,3
DA:22,3
DA:24,3
DA:26,3
DA:27,2
DA:30,3
DA:31,1
DA:34,3
DA:35,0
DA:36,0
DA:37,0
DA:42,3
DA:43,3
DA:44,3
DA:46,3
DA:55,3
DA:56,3
DA:57,3
DA:59,3
DA:60,2
DA:63,1
DA:68,3
DA:69,0
DA:70,0
DA:72,0
DA:73,0
DA:82,0
DA:87,3
DA:88,2
DA:93,3
DA:94,3
DA:95,2
DA:98,3
DA:99,2
DA:100,1
DA:103,3
DA:104,1
DA:107,3
LF:47
LH:39
BRDA:9,0,0,2
BRDA:9,0,1,0
BRDA:26,1,0,1
BRDA:26,1,1,2
BRDA:26,2,0,3
BRDA:26,2,1,1
BRDA:30,3,0,1
BRDA:30,3,1,2
BRDA:34,4,0,0
BRDA:34,4,1,3
BRDA:37,5,0,0
BRDA:37,5,1,0
BRDA:38,6,0,0
BRDA:38,6,1,0
BRDA:42,7,0,0
BRDA:42,7,1,3
BRDA:43,8,0,0
BRDA:43,8,1,3
BRDA:44,9,0,0
BRDA:44,9,1,3
BRDA:59,10,0,2
BRDA:59,10,1,1
BRDA:72,11,0,0
BRDA:72,11,1,0
BRDA:77,12,0,0
BRDA:77,12,1,0
BRDA:82,13,0,0
BRDA:82,13,1,0
BRDA:94,14,0,1
BRDA:94,14,1,2
BRDA:95,15,0,2
BRDA:95,15,1,2
BRDA:99,16,0,1
BRDA:99,16,1,1
BRF:34
BRH:19
end_of_record
TN:
SF:routes\products.js
FN:8,(anonymous_0)
FN:40,(anonymous_1)
FN:51,(anonymous_2)
FN:98,(anonymous_3)
FN:109,(anonymous_4)
FN:141,(anonymous_5)
FN:169,(anonymous_6)
FNF:7
FNH:2
FNDA:1,(anonymous_0)
FNDA:0,(anonymous_1)
FNDA:0,(anonymous_2)
FNDA:0,(anonymous_3)
FNDA:0,(anonymous_4)
FNDA:0,(anonymous_5)
FNDA:1,(anonymous_6)
DA:1,1
DA:2,1
DA:3,1
DA:4,1
DA:5,1
DA:8,1
DA:9,1
DA:11,0
DA:12,0
DA:15,0
DA:30,0
DA:31,0
DA:32,0
DA:33,0
DA:37,0
DA:38,0
DA:40,0
DA:41,0
DA:47,0
DA:51,1
DA:52,0
DA:54,0
DA:60,0
DA:61,0
DA:65,0
DA:69,0
DA:72,0
DA:84,0
DA:89,0
DA:90,0
DA:91,0
DA:95,0
DA:96,0
DA:98,0
DA:99,0
DA:105,0
DA:109,1
DA:110,0
DA:116,0
DA:117,0
DA:120,0
DA:124,0
DA:127,0
DA:132,0
DA:133,0
DA:134,0
DA:137,0
DA:141,1
DA:142,0
DA:148,0
DA:149,0
DA:152,0
DA:156,0
DA:157,0
DA:160,0
DA:169,1
DA:170,1
DA:174,1
DA:175,0
DA:178,1
DA:185,1
LF:61
LH:15
BRDA:11,0,0,0
BRDA:11,0,1,0
BRDA:11,1,0,0
BRDA:11,1,1,0
BRDA:19,2,0,0
BRDA:19,2,1,0
BRDA:20,3,0,0
BRDA:20,3,1,0
BRDA:21,4,0,0
BRDA:21,4,1,0
BRDA:22,5,0,0
BRDA:22,5,1,0
BRDA:23,6,0,0
BRDA:23,6,1,0
BRDA:31,7,0,0
BRDA:31,7,1,0
BRDA:37,8,0,0
BRDA:37,8,1,0
BRDA:40,9,0,0
BRDA:40,9,1,0
BRDA:60,10,0,0
BRDA:60,10,1,0
BRDA:65,11,0,0
BRDA:65,11,1,0
BRDA:66,12,0,0
BRDA:66,12,1,0
BRDA:75,13,0,0
BRDA:75,13,1,0
BRDA:76,14,0,0
BRDA:76,14,1,0
BRDA:77,15,0,0
BRDA:77,15,1,0
BRDA:78,16,0,0
BRDA:78,16,1,0
BRDA:79,17,0,0
BRDA:79,17,1,0
BRDA:89,18,0,0
BRDA:89,18,1,0
BRDA:95,19,0,0
BRDA:95,19,1,0
BRDA:98,20,0,0
BRDA:98,20,1,0
BRDA:116,21,0,0
BRDA:116,21,1,0
BRDA:120,22,0,0
BRDA:120,22,1,0
BRDA:121,23,0,0
BRDA:121,23,1,0
BRDA:132,24,0,0
BRDA:132,24,1,0
BRDA:148,25,0,0
BRDA:148,25,1,0
BRDA:156,26,0,0
BRDA:156,26,1,0
BRDA:162,27,0,0
BRDA:162,27,1,0
BRDA:174,28,0,0
BRDA:174,28,1,1
BRDA:180,29,0,1
BRDA:180,29,1,0
BRF:60
BRH:2
end_of_record
TN:
SF:utils\db.js
FN:4,read
FN:18,insert
FN:34,update
FN:46,remove
FN:58,seed
FNF:5
FNH:3
FNDA:5,read
FNDA:1,insert
FNDA:0,update
FNDA:0,remove
FNDA:1,seed
DA:1,1
DA:5,5
DA:9,5
DA:10,0
DA:11,0
DA:14,5
DA:19,1
DA:24,1
DA:25,0
DA:26,0
DA:29,1
DA:35,0
DA:40,0
DA:41,0
DA:47,0
DA:52,0
DA:53,0
DA:59,1
DA:61,1
DA:63,1
DA:64,1
DA:66,1
DA:77,1
DA:81,1
DA:83,1
LF:25
LH:15
BRDA:9,0,0,0
BRDA:9,0,1,5
BRDA:24,1,0,0
BRDA:24,1,1,1
BRDA:40,2,0,0
BRDA:40,2,1,0
BRDA:52,3,0,0
BRDA:52,3,1,0
BRDA:63,4,0,1
BRDA:63,4,1,0
BRF:10
BRH:3
end_of_record
TN:
SF:utils\supabase.js
FNF:0
FNH:0
DA:1,1
DA:12,1
DA:17,1
LF:3
LH:3
BRF:0
BRH:0
end_of_record
